This is pdfTeX, Version 3.141592653-2.6-1.40.24 (MiKTeX 22.3) (preloaded format=pdflatex 2022.5.31)  5 MAY 2023 18:00
entering extended mode
 restricted \write18 enabled.
 %&-line parsing enabled.
**./draft.tex
(draft.tex
LaTeX2e <2021-11-15> patch level 1
L3 programming layer <2022-05-04> (LTJournalArticle.cls
Document Class: LTJournalArticle 2023/02/07 LaTeX Templates Journal Article Cla
ss v2.0

(C:\Users\walsh\AppData\Local\Programs\MiKTeX 2.9\tex/latex/etoolbox\etoolbox.s
ty
Package: etoolbox 2020/10/05 v2.5k e-TeX tools for LaTeX (JAW)
\etb@tempcnta=\count185
)
(C:\Users\walsh\AppData\Local\Programs\MiKTeX 2.9\tex/latex/base\article.cls
Document Class: article 2021/10/04 v1.4n Standard LaTeX document class
(C:\Users\walsh\AppData\Local\Programs\MiKTeX 2.9\tex/latex/base\size10.clo
File: size10.clo 2021/10/04 v1.4n Standard LaTeX file (size option)
)
\c@part=\count186
\c@section=\count187
\c@subsection=\count188
\c@subsubsection=\count189
\c@paragraph=\count190
\c@subparagraph=\count191
\c@figure=\count192
\c@table=\count193
\abovecaptionskip=\skip47
\belowcaptionskip=\skip48
\bibindent=\dimen138
)
(C:\Users\walsh\AppData\Local\Programs\MiKTeX 2.9\tex/latex/graphics\graphicx.s
ty
Package: graphicx 2021/09/16 v1.2d Enhanced LaTeX Graphics (DPC,SPQR)

(C:\Users\walsh\AppData\Local\Programs\MiKTeX 2.9\tex/latex/graphics\keyval.sty
Package: keyval 2014/10/28 v1.15 key=value parser (DPC)
\KV@toks@=\toks16
)
(C:\Users\walsh\AppData\Local\Programs\MiKTeX 2.9\tex/latex/graphics\graphics.s
ty
Package: graphics 2021/03/04 v1.4d Standard LaTeX Graphics (DPC,SPQR)

(C:\Users\walsh\AppData\Local\Programs\MiKTeX 2.9\tex/latex/graphics\trig.sty
Package: trig 2021/08/11 v1.11 sin cos tan (DPC)
)
(C:\Users\walsh\AppData\Local\Programs\MiKTeX 2.9\tex/latex/graphics-cfg\graphi
cs.cfg
File: graphics.cfg 2016/06/04 v1.11 sample graphics configuration
)
Package graphics Info: Driver file: pdftex.def on input line 107.

(C:\Users\walsh\AppData\Local\Programs\MiKTeX 2.9\tex/latex/graphics-def\pdftex
.def
File: pdftex.def 2020/10/05 v1.2a Graphics/color driver for pdftex
))
\Gin@req@height=\dimen139
\Gin@req@width=\dimen140
)
(C:\Users\walsh\AppData\Local\Programs\MiKTeX 2.9\tex/latex/footmisc\footmisc.s
ty
Package: footmisc 2022/03/08 v6.0d a miscellany of footnote facilities
\FN@temptoken=\toks17
\footnotemargin=\dimen141
\@outputbox@depth=\dimen142
Package footmisc Info: Declaring symbol style bringhurst on input line 695.
Package footmisc Info: Declaring symbol style chicago on input line 703.
Package footmisc Info: Declaring symbol style wiley on input line 712.
Package footmisc Info: Declaring symbol style lamport-robust on input line 723.

Package footmisc Info: Declaring symbol style lamport* on input line 743.
Package footmisc Info: Declaring symbol style lamport*-robust on input line 764
.
)
(C:\Users\walsh\AppData\Local\Programs\MiKTeX 2.9\tex/latex/geometry\geometry.s
ty
Package: geometry 2020/01/02 v5.9 Page Geometry

(C:\Users\walsh\AppData\Local\Programs\MiKTeX 2.9\tex/generic/iftex\ifvtex.sty
Package: ifvtex 2019/10/25 v1.7 ifvtex legacy package. Use iftex instead.

(C:\Users\walsh\AppData\Local\Programs\MiKTeX 2.9\tex/generic/iftex\iftex.sty
Package: iftex 2022/02/03 v1.0f TeX engine tests
))
\Gm@cnth=\count194
\Gm@cntv=\count195
\c@Gm@tempcnt=\count196
\Gm@bindingoffset=\dimen143
\Gm@wd@mp=\dimen144
\Gm@odd@mp=\dimen145
\Gm@even@mp=\dimen146
\Gm@layoutwidth=\dimen147
\Gm@layoutheight=\dimen148
\Gm@layouthoffset=\dimen149
\Gm@layoutvoffset=\dimen150
\Gm@dimlist=\toks18

(C:\Users\walsh\AppData\Local\Programs\MiKTeX 2.9\tex/latex/geometry\geometry.c
fg))
(C:\Users\walsh\AppData\Local\Programs\MiKTeX 2.9\tex/latex/base\inputenc.sty
Package: inputenc 2021/02/14 v1.3d Input encoding file
\inpenc@prehook=\toks19
\inpenc@posthook=\toks20
)
(C:\Users\walsh\AppData\Local\Programs\MiKTeX 2.9\tex/latex/base\fontenc.sty
Package: fontenc 2021/04/29 v2.0v Standard LaTeX package
)
(C:\Users\walsh\AppData\Local\Programs\MiKTeX 2.9\tex/latex/psnfss\mathpazo.sty
Package: mathpazo 2020/03/25 PSNFSS-v9.3 Palatino w/ Pazo Math (D.Puga, WaS) 
\symupright=\mathgroup4
)
(C:\Users\walsh\AppData\Local\Programs\MiKTeX 2.9\tex/latex/microtype\microtype
.sty
Package: microtype 2023/03/13 v3.1a Micro-typographical refinements (RS)
\MT@toks=\toks21
\MT@tempbox=\box50
\MT@count=\count197
LaTeX Info: Redefining \noprotrusionifhmode on input line 1059.
LaTeX Info: Redefining \leftprotrusion on input line 1060.
\MT@prot@toks=\toks22
LaTeX Info: Redefining \rightprotrusion on input line 1078.
LaTeX Info: Redefining \textls on input line 1368.
\MT@outer@kern=\dimen151
LaTeX Info: Redefining \textmicrotypecontext on input line 1988.
\MT@listname@count=\count198

(C:\Users\walsh\AppData\Local\Programs\MiKTeX 2.9\tex/latex/microtype\microtype
-pdftex.def
File: microtype-pdftex.def 2023/03/13 v3.1a Definitions specific to pdftex (RS)

LaTeX Info: Redefining \lsstyle on input line 902.
LaTeX Info: Redefining \lslig on input line 902.
\MT@outer@space=\skip49
)
Package microtype Info: Loading configuration file microtype.cfg.

(C:\Users\walsh\AppData\Local\Programs\MiKTeX 2.9\tex/latex/microtype\microtype
.cfg
File: microtype.cfg 2023/03/13 v3.1a microtype main configuration file (RS)
))
(C:\Users\walsh\AppData\Local\Programs\MiKTeX 2.9\tex/latex/fancyhdr\fancyhdr.s
ty
Package: fancyhdr 2022/05/18 v4.0.3 Extensive control of page headers and foote
rs
\f@nch@headwidth=\skip50
\f@nch@O@elh=\skip51
\f@nch@O@erh=\skip52
\f@nch@O@olh=\skip53
\f@nch@O@orh=\skip54
\f@nch@O@elf=\skip55
\f@nch@O@erf=\skip56
\f@nch@O@olf=\skip57
\f@nch@O@orf=\skip58
)
(C:\Users\walsh\AppData\Local\Programs\MiKTeX 2.9\tex/latex/titlesec\titlesec.s
ty
Package: titlesec 2021/07/05 v2.14 Sectioning titles
\ttl@box=\box51
\beforetitleunit=\skip59
\aftertitleunit=\skip60
\ttl@plus=\dimen152
\ttl@minus=\dimen153
\ttl@toksa=\toks23
\titlewidth=\dimen154
\titlewidthlast=\dimen155
\titlewidthfirst=\dimen156
)
(C:\Users\walsh\AppData\Local\Programs\MiKTeX 2.9\tex/latex/titling\titling.sty
Package: titling 2009/09/04 v2.1d maketitle typesetting
\thanksmarkwidth=\skip61
\thanksmargin=\skip62
\droptitle=\skip63
)
(C:\Users\walsh\AppData\Local\Programs\MiKTeX 2.9\tex/latex/abstract\abstract.s
ty
Package: abstract 2009/06/08 v1.2a configurable abstracts
\abstitleskip=\skip64
\absleftindent=\skip65
\absrightindent=\skip66
\absparindent=\skip67
\absparsep=\skip68
)
(C:\Users\walsh\AppData\Local\Programs\MiKTeX 2.9\tex/latex/biblatex\biblatex.s
ty
Package: biblatex 2022/02/02 v3.17 programmable bibliographies (PK/MW)

(C:\Users\walsh\AppData\Local\Programs\MiKTeX 2.9\tex/generic/pdftexcmds\pdftex
cmds.sty
Package: pdftexcmds 2020-06-27 v0.33 Utility functions of pdfTeX for LuaTeX (HO
)

(C:\Users\walsh\AppData\Local\Programs\MiKTeX 2.9\tex/generic/infwarerr\infware
rr.sty
Package: infwarerr 2019/12/03 v1.5 Providing info/warning/error messages (HO)
)
(C:\Users\walsh\AppData\Local\Programs\MiKTeX 2.9\tex/generic/ltxcmds\ltxcmds.s
ty
Package: ltxcmds 2020-05-10 v1.25 LaTeX kernel commands for general use (HO)
)
Package pdftexcmds Info: \pdf@primitive is available.
Package pdftexcmds Info: \pdf@ifprimitive is available.
Package pdftexcmds Info: \pdfdraftmode found.
)
(C:\Users\walsh\AppData\Local\Programs\MiKTeX 2.9\tex/latex/kvoptions\kvoptions
.sty
Package: kvoptions 2020-10-07 v3.14 Key value format for package options (HO)

(C:\Users\walsh\AppData\Local\Programs\MiKTeX 2.9\tex/generic/kvsetkeys\kvsetke
ys.sty
Package: kvsetkeys 2019/12/15 v1.18 Key value parser (HO)
))
(C:\Users\walsh\AppData\Local\Programs\MiKTeX 2.9\tex/latex/logreq\logreq.sty
Package: logreq 2010/08/04 v1.0 xml request logger
\lrq@indent=\count199

(C:\Users\walsh\AppData\Local\Programs\MiKTeX 2.9\tex/latex/logreq\logreq.def
File: logreq.def 2010/08/04 v1.0 logreq spec v1.0
)) (C:\Users\walsh\AppData\Local\Programs\MiKTeX 2.9\tex/latex/base\ifthen.sty
Package: ifthen 2020/11/24 v1.1c Standard LaTeX ifthen package (DPC)
)
(C:\Users\walsh\AppData\Local\Programs\MiKTeX 2.9\tex/latex/url\url.sty
\Urlmuskip=\muskip16
Package: url 2013/09/16  ver 3.4  Verb mode for urls, etc.
)
\c@tabx@nest=\count266
\c@listtotal=\count267
\c@listcount=\count268
\c@liststart=\count269
\c@liststop=\count270
\c@citecount=\count271
\c@citetotal=\count272
\c@multicitecount=\count273
\c@multicitetotal=\count274
\c@instcount=\count275
\c@maxnames=\count276
\c@minnames=\count277
\c@maxitems=\count278
\c@minitems=\count279
\c@citecounter=\count280
\c@maxcitecounter=\count281
\c@savedcitecounter=\count282
\c@uniquelist=\count283
\c@uniquename=\count284
\c@refsection=\count285
\c@refsegment=\count286
\c@maxextratitle=\count287
\c@maxextratitleyear=\count288
\c@maxextraname=\count289
\c@maxextradate=\count290
\c@maxextraalpha=\count291
\c@abbrvpenalty=\count292
\c@highnamepenalty=\count293
\c@lownamepenalty=\count294
\c@maxparens=\count295
\c@parenlevel=\count296
\blx@tempcnta=\count297
\blx@tempcntb=\count298
\blx@tempcntc=\count299
\c@blx@maxsection=\count300
\c@blx@maxsegment@0=\count301
\blx@notetype=\count302
\blx@parenlevel@text=\count303
\blx@parenlevel@foot=\count304
\c@blx@sectionciteorder@0=\count305
\blx@entrysetcounter=\count306
\blx@biblioinstance=\count307
\labelnumberwidth=\skip69
\labelalphawidth=\skip70
\biblabelsep=\skip71
\bibitemsep=\skip72
\bibnamesep=\skip73
\bibinitsep=\skip74
\bibparsep=\skip75
\bibhang=\skip76
\blx@bcfin=\read2
\blx@bcfout=\write3
\blx@langwohyphens=\language79
\c@mincomprange=\count308
\c@maxcomprange=\count309
\c@mincompwidth=\count310
Package biblatex Info: Trying to load biblatex default data model...
Package biblatex Info: ... file 'blx-dm.def' found.

(C:\Users\walsh\AppData\Local\Programs\MiKTeX 2.9\tex/latex/biblatex\blx-dm.def
File: blx-dm.def 2022/02/02 v3.17 biblatex localization (PK/MW)
)
Package biblatex Info: Trying to load biblatex citestyle data model...
Package biblatex Info: ... file 'numeric.dbx' not found.
Package biblatex Info: Trying to load biblatex custom data model...
Package biblatex Info: ... file 'biblatex-dm.cfg' not found.
\c@afterword=\count311
\c@savedafterword=\count312
\c@annotator=\count313
\c@savedannotator=\count314
\c@author=\count315
\c@savedauthor=\count316
\c@bookauthor=\count317
\c@savedbookauthor=\count318
\c@commentator=\count319
\c@savedcommentator=\count320
\c@editor=\count321
\c@savededitor=\count322
\c@editora=\count323
\c@savededitora=\count324
\c@editorb=\count325
\c@savededitorb=\count326
\c@editorc=\count327
\c@savededitorc=\count328
\c@foreword=\count329
\c@savedforeword=\count330
\c@holder=\count331
\c@savedholder=\count332
\c@introduction=\count333
\c@savedintroduction=\count334
\c@namea=\count335
\c@savednamea=\count336
\c@nameb=\count337
\c@savednameb=\count338
\c@namec=\count339
\c@savednamec=\count340
\c@translator=\count341
\c@savedtranslator=\count342
\c@shortauthor=\count343
\c@savedshortauthor=\count344
\c@shorteditor=\count345
\c@savedshorteditor=\count346
\c@labelname=\count347
\c@savedlabelname=\count348
\c@institution=\count349
\c@savedinstitution=\count350
\c@lista=\count351
\c@savedlista=\count352
\c@listb=\count353
\c@savedlistb=\count354
\c@listc=\count355
\c@savedlistc=\count356
\c@listd=\count357
\c@savedlistd=\count358
\c@liste=\count359
\c@savedliste=\count360
\c@listf=\count361
\c@savedlistf=\count362
\c@location=\count363
\c@savedlocation=\count364
\c@organization=\count365
\c@savedorganization=\count366
\c@origlocation=\count367
\c@savedoriglocation=\count368
\c@origpublisher=\count369
\c@savedorigpublisher=\count370
\c@publisher=\count371
\c@savedpublisher=\count372
\c@language=\count373
\c@savedlanguage=\count374
\c@origlanguage=\count375
\c@savedoriglanguage=\count376
\c@pageref=\count377
\c@savedpageref=\count378
\shorthandwidth=\skip77
\shortjournalwidth=\skip78
\shortserieswidth=\skip79
\shorttitlewidth=\skip80
\shortauthorwidth=\skip81
\shorteditorwidth=\skip82
\locallabelnumberwidth=\skip83
\locallabelalphawidth=\skip84
\localshorthandwidth=\skip85
\localshortjournalwidth=\skip86
\localshortserieswidth=\skip87
\localshorttitlewidth=\skip88
\localshortauthorwidth=\skip89
\localshorteditorwidth=\skip90
Package biblatex Info: Trying to load compatibility code...
Package biblatex Info: ... file 'blx-compat.def' found.

(C:\Users\walsh\AppData\Local\Programs\MiKTeX 2.9\tex/latex/biblatex\blx-compat
.def
File: blx-compat.def 2022/02/02 v3.17 biblatex compatibility (PK/MW)
)
Package biblatex Info: Trying to load generic definitions...
Package biblatex Info: ... file 'biblatex.def' found.

(C:\Users\walsh\AppData\Local\Programs\MiKTeX 2.9\tex/latex/biblatex\biblatex.d
ef
File: biblatex.def 2022/02/02 v3.17 biblatex compatibility (PK/MW)
\c@textcitecount=\count379
\c@textcitetotal=\count380
\c@textcitemaxnames=\count381
\c@biburlbigbreakpenalty=\count382
\c@biburlbreakpenalty=\count383
\c@biburlnumpenalty=\count384
\c@biburlucpenalty=\count385
\c@biburllcpenalty=\count386
\biburlbigskip=\muskip17
\biburlnumskip=\muskip18
\biburlucskip=\muskip19
\biburllcskip=\muskip20
\c@smartand=\count387
)
Package biblatex Info: Trying to load bibliography style 'numeric'...
Package biblatex Info: ... file 'numeric.bbx' found.

(C:\Users\walsh\AppData\Local\Programs\MiKTeX 2.9\tex/latex/biblatex/bbx\numeri
c.bbx
File: numeric.bbx 2022/02/02 v3.17 biblatex bibliography style (PK/MW)
Package biblatex Info: Trying to load bibliography style 'standard'...
Package biblatex Info: ... file 'standard.bbx' found.

(C:\Users\walsh\AppData\Local\Programs\MiKTeX 2.9\tex/latex/biblatex/bbx\standa
rd.bbx
File: standard.bbx 2022/02/02 v3.17 biblatex bibliography style (PK/MW)
\c@bbx:relatedcount=\count388
\c@bbx:relatedtotal=\count389
))
Package biblatex Info: Trying to load citation style 'numeric'...
Package biblatex Info: ... file 'numeric.cbx' found.

(C:\Users\walsh\AppData\Local\Programs\MiKTeX 2.9\tex/latex/biblatex/cbx\numeri
c.cbx
File: numeric.cbx 2022/02/02 v3.17 biblatex citation style (PK/MW)
Package biblatex Info: Redefining '\cite'.
Package biblatex Info: Redefining '\parencite'.
Package biblatex Info: Redefining '\footcite'.
Package biblatex Info: Redefining '\footcitetext'.
Package biblatex Info: Redefining '\smartcite'.
Package biblatex Info: Redefining '\supercite'.
Package biblatex Info: Redefining '\textcite'.
Package biblatex Info: Redefining '\textcites'.
Package biblatex Info: Redefining '\cites'.
Package biblatex Info: Redefining '\parencites'.
Package biblatex Info: Redefining '\smartcites'.
)
Package biblatex Info: Trying to load configuration file...
Package biblatex Info: ... file 'biblatex.cfg' found.

(C:\Users\walsh\AppData\Local\Programs\MiKTeX 2.9\tex/latex/biblatex\biblatex.c
fg
File: biblatex.cfg 
)
Package biblatex Info: Input encoding 'utf8' detected.
Package biblatex Info: Document encoding is UTF8 ....

(C:\Users\walsh\AppData\Local\Programs\MiKTeX 2.9\tex/latex/l3kernel\expl3.sty
Package: expl3 2022-05-04 L3 programming layer (loader) 

(C:\Users\walsh\AppData\Local\Programs\MiKTeX 2.9\tex/latex/l3backend\l3backend
-pdftex.def
File: l3backend-pdftex.def 2022-04-20 L3 backend support: PDF output (pdfTeX)
\l__color_backend_stack_int=\count390
\l__pdf_internal_box=\box52
))
Package biblatex Info: ... and expl3
(biblatex)             2022-05-04 L3 programming layer (loader) 
(biblatex)             is new enough (at least 2020/04/06),
(biblatex)             setting 'casechanger=expl3'.

(C:\Users\walsh\AppData\Local\Programs\MiKTeX 2.9\tex/latex/biblatex\blx-case-e
xpl3.sty
(C:\Users\walsh\AppData\Local\Programs\MiKTeX 2.9\tex/latex/l3packages/xparse\x
parse.sty
Package: xparse 2022-01-12 L3 Experimental document command parser
)
Package: blx-case-expl3 2022/02/02 v3.17 expl3 case changing code for biblatex
))
(C:\Users\walsh\AppData\Local\Programs\MiKTeX 2.9\tex/latex/booktabs\booktabs.s
ty
Package: booktabs 2020/01/12 v1.61803398 Publication quality tables
\heavyrulewidth=\dimen157
\lightrulewidth=\dimen158
\cmidrulewidth=\dimen159
\belowrulesep=\dimen160
\belowbottomsep=\dimen161
\aboverulesep=\dimen162
\abovetopsep=\dimen163
\cmidrulesep=\dimen164
\cmidrulekern=\dimen165
\defaultaddspace=\dimen166
\@cmidla=\count391
\@cmidlb=\count392
\@aboverulesep=\dimen167
\@belowrulesep=\dimen168
\@thisruleclass=\count393
\@lastruleclass=\count394
\@thisrulewidth=\dimen169
) (C:\Users\walsh\AppData\Local\Programs\MiKTeX 2.9\tex/latex/tools\array.sty
Package: array 2021/10/04 v2.5f Tabular extension package (FMi)
\col@sep=\dimen170
\ar@mcellbox=\box53
\extrarowheight=\dimen171
\NC@list=\toks24
\extratabsurround=\skip91
\backup@length=\skip92
\ar@cellbox=\box54
)
(C:\Users\walsh\AppData\Local\Programs\MiKTeX 2.9\tex/latex/caption\caption.sty
Package: caption 2022/03/01 v3.6b Customizing captions (AR)

(C:\Users\walsh\AppData\Local\Programs\MiKTeX 2.9\tex/latex/caption\caption3.st
y
Package: caption3 2022/03/17 v2.3b caption3 kernel (AR)
\caption@tempdima=\dimen172
\captionmargin=\dimen173
\caption@leftmargin=\dimen174
\caption@rightmargin=\dimen175
\caption@width=\dimen176
\caption@indent=\dimen177
\caption@parindent=\dimen178
\caption@hangindent=\dimen179
Package caption Info: Standard document class detected.
)
\c@caption@flags=\count395
\c@continuedfloat=\count396
)
(C:\Users\walsh\AppData\Local\Programs\MiKTeX 2.9\tex/latex/enumitem\enumitem.s
ty
Package: enumitem 2019/06/20 v3.9 Customized lists
\labelindent=\skip93
\enit@outerparindent=\dimen180
\enit@toks=\toks25
\enit@inbox=\box55
\enit@count@id=\count397
\enitdp@description=\count398
)
(C:\Users\walsh\AppData\Local\Programs\MiKTeX 2.9\tex/latex/hyperref\hyperref.s
ty
Package: hyperref 2022-05-17 v7.00q Hypertext links for LaTeX

(C:\Users\walsh\AppData\Local\Programs\MiKTeX 2.9\tex/generic/kvdefinekeys\kvde
finekeys.sty
Package: kvdefinekeys 2019-12-19 v1.6 Define keys (HO)
)
(C:\Users\walsh\AppData\Local\Programs\MiKTeX 2.9\tex/generic/pdfescape\pdfesca
pe.sty
Package: pdfescape 2019/12/09 v1.15 Implements pdfTeX's escape features (HO)
)
(C:\Users\walsh\AppData\Local\Programs\MiKTeX 2.9\tex/latex/hycolor\hycolor.sty
Package: hycolor 2020-01-27 v1.10 Color options for hyperref/bookmark (HO)
)
(C:\Users\walsh\AppData\Local\Programs\MiKTeX 2.9\tex/latex/letltxmacro\letltxm
acro.sty
Package: letltxmacro 2019/12/03 v1.6 Let assignment for LaTeX macros (HO)
)
(C:\Users\walsh\AppData\Local\Programs\MiKTeX 2.9\tex/latex/auxhook\auxhook.sty
Package: auxhook 2019-12-17 v1.6 Hooks for auxiliary files (HO)
)
(C:\Users\walsh\AppData\Local\Programs\MiKTeX 2.9\tex/latex/hyperref\nameref.st
y
Package: nameref 2022-05-17 v2.50 Cross-referencing by name of section

(C:\Users\walsh\AppData\Local\Programs\MiKTeX 2.9\tex/latex/refcount\refcount.s
ty
Package: refcount 2019/12/15 v3.6 Data extraction from label references (HO)
)
(C:\Users\walsh\AppData\Local\Programs\MiKTeX 2.9\tex/generic/gettitlestring\ge
ttitlestring.sty
Package: gettitlestring 2019/12/15 v1.6 Cleanup title references (HO)
)
\c@section@level=\count399
)
\@linkdim=\dimen181
\Hy@linkcounter=\count400
\Hy@pagecounter=\count401

(C:\Users\walsh\AppData\Local\Programs\MiKTeX 2.9\tex/latex/hyperref\pd1enc.def
File: pd1enc.def 2022-05-17 v7.00q Hyperref: PDFDocEncoding definition (HO)
Now handling font encoding PD1 ...
... no UTF-8 mapping file for font encoding PD1
)
(C:\Users\walsh\AppData\Local\Programs\MiKTeX 2.9\tex/generic/intcalc\intcalc.s
ty
Package: intcalc 2019/12/15 v1.3 Expandable calculations with integers (HO)
)
(C:\Users\walsh\AppData\Local\Programs\MiKTeX 2.9\tex/generic/etexcmds\etexcmds
.sty
Package: etexcmds 2019/12/15 v1.7 Avoid name clashes with e-TeX commands (HO)
)
\Hy@SavedSpaceFactor=\count402

(C:\Users\walsh\AppData\Local\Programs\MiKTeX 2.9\tex/latex/hyperref\puenc.def
File: puenc.def 2022-05-17 v7.00q Hyperref: PDF Unicode definition (HO)
Now handling font encoding PU ...
... no UTF-8 mapping file for font encoding PU
)
Package hyperref Info: Hyper figures OFF on input line 4139.
Package hyperref Info: Link nesting OFF on input line 4144.
Package hyperref Info: Hyper index ON on input line 4147.
Package hyperref Info: Plain pages OFF on input line 4154.
Package hyperref Info: Backreferencing OFF on input line 4159.
Package hyperref Info: Implicit mode ON; LaTeX internals redefined.
Package hyperref Info: Bookmarks ON on input line 4385.
\c@Hy@tempcnt=\count403
LaTeX Info: Redefining \url on input line 4723.
\XeTeXLinkMargin=\dimen182

(C:\Users\walsh\AppData\Local\Programs\MiKTeX 2.9\tex/generic/bitset\bitset.sty
Package: bitset 2019/12/09 v1.3 Handle bit-vector datatype (HO)

(C:\Users\walsh\AppData\Local\Programs\MiKTeX 2.9\tex/generic/bigintcalc\bigint
calc.sty
Package: bigintcalc 2019/12/15 v1.5 Expandable calculations on big integers (HO
)
))
\Fld@menulength=\count404
\Field@Width=\dimen183
\Fld@charsize=\dimen184
Package hyperref Info: Hyper figures OFF on input line 6001.
Package hyperref Info: Link nesting OFF on input line 6006.
Package hyperref Info: Hyper index ON on input line 6009.
Package hyperref Info: backreferencing OFF on input line 6016.
Package hyperref Info: Link coloring OFF on input line 6021.
Package hyperref Info: Link coloring with OCG OFF on input line 6026.
Package hyperref Info: PDF/A mode OFF on input line 6031.
LaTeX Info: Redefining \ref on input line 6078.
LaTeX Info: Redefining \pageref on input line 6078.

(C:\Users\walsh\AppData\Local\Programs\MiKTeX 2.9\tex/latex/base\atbegshi-ltx.s
ty
Package: atbegshi-ltx 2021/01/10 v1.0c Emulation of the original atbegshi
package with kernel methods
)
\Hy@abspage=\count405
\c@Item=\count406
\c@Hfootnote=\count407
)
Package hyperref Info: Driver (autodetected): hpdftex.

(C:\Users\walsh\AppData\Local\Programs\MiKTeX 2.9\tex/latex/hyperref\hpdftex.de
f
File: hpdftex.def 2022-05-17 v7.00q Hyperref driver for pdfTeX

(C:\Users\walsh\AppData\Local\Programs\MiKTeX 2.9\tex/latex/base\atveryend-ltx.
sty
Package: atveryend-ltx 2020/08/19 v1.0a Emulation of the original atveryend pac
kage
with kernel methods
)
\Fld@listcount=\count408
\c@bookmark@seq@number=\count409

(C:\Users\walsh\AppData\Local\Programs\MiKTeX 2.9\tex/latex/rerunfilecheck\reru
nfilecheck.sty
Package: rerunfilecheck 2022-07-10 v1.10 Rerun checks for auxiliary files (HO)

(C:\Users\walsh\AppData\Local\Programs\MiKTeX 2.9\tex/generic/uniquecounter\uni
quecounter.sty
Package: uniquecounter 2019/12/15 v1.4 Provide unlimited unique counter (HO)
)
Package uniquecounter Info: New unique counter `rerunfilecheck' on input line 2
85.
)
\Hy@SectionHShift=\skip94
)
Package hyperref Info: Option `colorlinks' set `true' on input line 213.
)
(C:\Users\walsh\AppData\Local\Programs\MiKTeX 2.9\tex/latex/amsmath\amsmath.sty
Package: amsmath 2021/10/15 v2.17l AMS math features
\@mathmargin=\skip95
For additional information on amsmath, use the `?' option.

(C:\Users\walsh\AppData\Local\Programs\MiKTeX 2.9\tex/latex/amsmath\amstext.sty
Package: amstext 2021/08/26 v2.01 AMS text
(C:\Users\walsh\AppData\Local\Programs\MiKTeX 2.9\tex/latex/amsmath\amsgen.sty
File: amsgen.sty 1999/11/30 v2.0 generic functions
\@emptytoks=\toks26
\ex@=\dimen185
))
(C:\Users\walsh\AppData\Local\Programs\MiKTeX 2.9\tex/latex/amsmath\amsbsy.sty
Package: amsbsy 1999/11/29 v1.2d Bold Symbols
\pmbraise@=\dimen186
) (C:\Users\walsh\AppData\Local\Programs\MiKTeX 2.9\tex/latex/amsmath\amsopn.st
y
Package: amsopn 2021/08/26 v2.02 operator names
)
\inf@bad=\count410
LaTeX Info: Redefining \frac on input line 234.
\uproot@=\count411
\leftroot@=\count412
LaTeX Info: Redefining \overline on input line 399.
\classnum@=\count413
\DOTSCASE@=\count414
LaTeX Info: Redefining \ldots on input line 496.
LaTeX Info: Redefining \dots on input line 499.
LaTeX Info: Redefining \cdots on input line 620.
\Mathstrutbox@=\box56
\strutbox@=\box57
\big@size=\dimen187
LaTeX Font Info:    Redeclaring font encoding OML on input line 743.
LaTeX Font Info:    Redeclaring font encoding OMS on input line 744.
\macc@depth=\count415
\c@MaxMatrixCols=\count416
\dotsspace@=\muskip21
\c@parentequation=\count417
\dspbrk@lvl=\count418
\tag@help=\toks27
\row@=\count419
\column@=\count420
\maxfields@=\count421
\andhelp@=\toks28
\eqnshift@=\dimen188
\alignsep@=\dimen189
\tagshift@=\dimen190
\tagwidth@=\dimen191
\totwidth@=\dimen192
\lineht@=\dimen193
\@envbody=\toks29
\multlinegap=\skip96
\multlinetaggap=\skip97
\mathdisplay@stack=\toks30
LaTeX Info: Redefining \[ on input line 2938.
LaTeX Info: Redefining \] on input line 2939.
) (C:\Users\walsh\AppData\Local\Programs\MiKTeX 2.9\tex/latex/float\float.sty
Package: float 2001/11/08 v1.3d Float enhancements (AL)
\c@float@type=\count422
\float@exts=\toks31
\float@box=\box58
\@float@everytoks=\toks32
\@floatcapt=\box59
)
(C:\Users\walsh\AppData\Local\Programs\MiKTeX 2.9\tex/latex/listings\listings.s
ty
\lst@mode=\count423
\lst@gtempboxa=\box60
\lst@token=\toks33
\lst@length=\count424
\lst@currlwidth=\dimen194
\lst@column=\count425
\lst@pos=\count426
\lst@lostspace=\dimen195
\lst@width=\dimen196
\lst@newlines=\count427
\lst@lineno=\count428
\lst@maxwidth=\dimen197

(C:\Users\walsh\AppData\Local\Programs\MiKTeX 2.9\tex/latex/listings\lstmisc.st
y
File: lstmisc.sty 2020/03/24 1.8d (Carsten Heinz)
\c@lstnumber=\count429
\lst@skipnumbers=\count430
\lst@framebox=\box61
)
(C:\Users\walsh\AppData\Local\Programs\MiKTeX 2.9\tex/latex/listings\listings.c
fg
File: listings.cfg 2020/03/24 1.8d listings configuration
))
Package: listings 2020/03/24 1.8d (Carsten Heinz)

(C:\Users\walsh\AppData\Local\Programs\MiKTeX 2.9\tex/latex/tools\multicol.sty
Package: multicol 2021/10/28 v1.9b multicolumn formatting (FMi)
\c@tracingmulticols=\count431
\mult@box=\box62
\multicol@leftmargin=\dimen198
\c@unbalance=\count432
\c@collectmore=\count433
\doublecol@number=\count434
\multicoltolerance=\count435
\multicolpretolerance=\count436
\full@width=\dimen199
\page@free=\dimen256
\premulticols=\dimen257
\postmulticols=\dimen258
\multicolsep=\skip98
\multicolbaselineskip=\skip99
\partial@page=\box63
\last@line=\box64
\maxbalancingoverflow=\dimen259
\mult@rightbox=\box65
\mult@grightbox=\box66
\mult@firstbox=\box67
\mult@gfirstbox=\box68
\@tempa=\box69
\@tempa=\box70
\@tempa=\box71
\@tempa=\box72
\@tempa=\box73
\@tempa=\box74
\@tempa=\box75
\@tempa=\box76
\@tempa=\box77
\@tempa=\box78
\@tempa=\box79
\@tempa=\box80
\@tempa=\box81
\@tempa=\box82
\@tempa=\box83
\@tempa=\box84
\@tempa=\box85
\@tempa=\box86
\@tempa=\box87
\@tempa=\box88
\@tempa=\box89
\@tempa=\box90
\@tempa=\box91
\@tempa=\box92
\@tempa=\box93
\@tempa=\box94
\@tempa=\box95
\@tempa=\box96
\@tempa=\box97
\@tempa=\box98
\@tempa=\box99
\@tempa=\box100
\@tempa=\box101
\@tempa=\box102
\@tempa=\box103
\@tempa=\box104
\c@minrows=\count437
\c@columnbadness=\count438
\c@finalcolumnbadness=\count439
\last@try=\dimen260
\multicolovershoot=\dimen261
\multicolundershoot=\dimen262
\mult@nat@firstbox=\box105
\colbreak@box=\box106
\mc@col@check@num=\count440
) (C:\Users\walsh\AppData\Local\Programs\MiKTeX 2.9\tex/latex/lipsum\lipsum.sty

(C:\Users\walsh\AppData\Local\Programs\MiKTeX 2.9\tex/latex/l3packages/l3keys2e
\l3keys2e.sty
Package: l3keys2e 2022-01-12 LaTeX2e option processing using LaTeX3 keys
)
Package: lipsum 2021-09-20 v2.7 150 paragraphs of Lorem Ipsum dummy text
\g__lipsum_par_int=\count441
\l__lipsum_a_int=\count442
\l__lipsum_b_int=\count443

(C:\Users\walsh\AppData\Local\Programs\MiKTeX 2.9\tex/latex/lipsum\lipsum.ltd.t
ex))
(C:\Users\walsh\AppData\Local\Programs\MiKTeX 2.9\tex/latex/algorithms\algorith
m.sty
Package: algorithm 2009/08/24 v0.1 Document Style `algorithm' - floating enviro
nment
\@float@every@algorithm=\toks34
\c@algorithm=\count444
)
(C:\Users\walsh\AppData\Local\Programs\MiKTeX 2.9\tex/latex/mathtools\mathtools
.sty
Package: mathtools 2022/06/29 v1.29 mathematical typesetting tools
 (C:\Users\walsh\AppData\Local\Programs\MiKTeX 2.9\tex/latex/tools\calc.sty
Package: calc 2017/05/25 v4.3 Infix arithmetic (KKT,FJ)
\calc@Acount=\count445
\calc@Bcount=\count446
\calc@Adimen=\dimen263
\calc@Bdimen=\dimen264
\calc@Askip=\skip100
\calc@Bskip=\skip101
LaTeX Info: Redefining \setlength on input line 80.
LaTeX Info: Redefining \addtolength on input line 81.
\calc@Ccount=\count447
\calc@Cskip=\skip102
)
(C:\Users\walsh\AppData\Local\Programs\MiKTeX 2.9\tex/latex/mathtools\mhsetup.s
ty
Package: mhsetup 2021/03/18 v1.4 programming setup (MH)
)
\g_MT_multlinerow_int=\count448
\l_MT_multwidth_dim=\dimen265
\origjot=\skip103
\l_MT_shortvdotswithinadjustabove_dim=\dimen266
\l_MT_shortvdotswithinadjustbelow_dim=\dimen267
\l_MT_above_intertext_sep=\dimen268
\l_MT_below_intertext_sep=\dimen269
\l_MT_above_shortintertext_sep=\dimen270
\l_MT_below_shortintertext_sep=\dimen271
\xmathstrut@box=\box107
\xmathstrut@dim=\dimen272
)
(C:\Users\walsh\AppData\Local\Programs\MiKTeX 2.9\tex/latex/algorithmicx\algpse
udocode.sty
Package: algpseudocode 

(C:\Users\walsh\AppData\Local\Programs\MiKTeX 2.9\tex/latex/algorithmicx\algori
thmicx.sty
Package: algorithmicx 2005/04/27 v1.2 Algorithmicx

Document Style algorithmicx 1.2 - a greatly improved `algorithmic' style
\c@ALG@line=\count449
\c@ALG@rem=\count450
\c@ALG@nested=\count451
\ALG@tlm=\skip104
\ALG@thistlm=\skip105
\c@ALG@Lnr=\count452
\c@ALG@blocknr=\count453
\c@ALG@storecount=\count454
\c@ALG@tmpcounter=\count455
\ALG@tmplength=\skip106
)
Document Style - pseudocode environments for use with the `algorithmicx' style
)
\@quotelevel=\count456
\@quotereset=\count457
LaTeX Font Info:    Trying to load font information for T1+pplx on input line 8
2.
 (C:\Users\walsh\AppData\Local\Programs\MiKTeX 2.9\tex/latex/psnfss\t1pplx.fd
File: t1pplx.fd 2004/09/06 font definitions for T1/pplx.
) (draft.aux

LaTeX Warning: Label `alg:higa' multiply defined.

)
\openout1 = `draft.aux'.

LaTeX Font Info:    Checking defaults for OML/cmm/m/it on input line 82.
LaTeX Font Info:    ... okay on input line 82.
LaTeX Font Info:    Checking defaults for OMS/cmsy/m/n on input line 82.
LaTeX Font Info:    ... okay on input line 82.
LaTeX Font Info:    Checking defaults for OT1/cmr/m/n on input line 82.
LaTeX Font Info:    ... okay on input line 82.
LaTeX Font Info:    Checking defaults for T1/cmr/m/n on input line 82.
LaTeX Font Info:    ... okay on input line 82.
LaTeX Font Info:    Checking defaults for TS1/cmr/m/n on input line 82.
LaTeX Font Info:    ... okay on input line 82.
LaTeX Font Info:    Checking defaults for OMX/cmex/m/n on input line 82.
LaTeX Font Info:    ... okay on input line 82.
LaTeX Font Info:    Checking defaults for U/cmr/m/n on input line 82.
LaTeX Font Info:    ... okay on input line 82.
LaTeX Font Info:    Checking defaults for PD1/pdf/m/n on input line 82.
LaTeX Font Info:    ... okay on input line 82.
LaTeX Font Info:    Checking defaults for PU/pdf/m/n on input line 82.
LaTeX Font Info:    ... okay on input line 82.

(C:\Users\walsh\AppData\Local\Programs\MiKTeX 2.9\tex/context/base/mkii\supp-pd
f.mkii
[Loading MPS to PDF converter (version 2006.09.02).]
\scratchcounter=\count458
\scratchdimen=\dimen273
\scratchbox=\box108
\nofMPsegments=\count459
\nofMParguments=\count460
\everyMPshowfont=\toks35
\MPscratchCnt=\count461
\MPscratchDim=\dimen274
\MPnumerator=\count462
\makeMPintoPDFobject=\count463
\everyMPtoPDFconversion=\toks36
)
(C:\Users\walsh\AppData\Local\Programs\MiKTeX 2.9\tex/latex/epstopdf-pkg\epstop
df-base.sty
Package: epstopdf-base 2020-01-24 v2.11 Base part for package epstopdf

(C:\Users\walsh\AppData\Local\Programs\MiKTeX 2.9\tex/latex/grfext\grfext.sty
Package: grfext 2019/12/03 v1.3 Manage graphics extensions (HO)
)
Package epstopdf-base Info: Redefining graphics rule for `.eps' on input line 4
85.
Package grfext Info: Graphics extension search list:
(grfext)             [.pdf,.png,.jpg,.mps,.jpeg,.jbig2,.jb2,.PDF,.PNG,.JPG,.JPE
G,.JBIG2,.JB2,.eps]
(grfext)             \AppendGraphicsExtensions on input line 504.

(C:\Users\walsh\AppData\Local\Programs\MiKTeX 2.9\tex/latex/00miktex\epstopdf-s
ys.cfg
File: epstopdf-sys.cfg 2021/03/18 v2.0 Configuration of epstopdf for MiKTeX
))
*geometry* driver: auto-detecting
*geometry* detected driver: pdftex
*geometry* verbose mode - [ preamble ] result:
* driver: pdftex
* paper: a4paper
* layout: <same size as paper>
* layoutoffset:(h,v)=(0.0pt,0.0pt)
* modes: twoside 
* h-part:(L,W,R)=(56.9055pt, 483.69687pt, 56.9055pt)
* v-part:(T,H,B)=(71.13188pt, 702.78308pt, 71.13188pt)
* \paperwidth=597.50787pt
* \paperheight=845.04684pt
* \textwidth=483.69687pt
* \textheight=702.78308pt
* \oddsidemargin=-15.36449pt
* \evensidemargin=-15.36449pt
* \topmargin=-34.47766pt
* \headheight=12.0pt
* \headsep=21.33955pt
* \topskip=10.0pt
* \footskip=28.45274pt
* \marginparwidth=48.0pt
* \marginparsep=10.0pt
* \columnsep=20.0pt
* \skip\footins=9.0pt plus 4.0pt minus 2.0pt
* \hoffset=0.0pt
* \voffset=0.0pt
* \mag=1000
* \@twocolumntrue
* \@twosidetrue
* \@mparswitchtrue
* \@reversemarginfalse
* (1in=72.27pt=25.4mm, 1cm=28.453pt)

LaTeX Info: Redefining \microtypecontext on input line 82.
Package microtype Info: Applying patch `item' on input line 82.
Package microtype Info: Applying patch `toc' on input line 82.
Package microtype Info: Applying patch `eqnum' on input line 82.
Package microtype Info: Applying patch `footnote' on input line 82.
Package microtype Info: Applying patch `verbatim' on input line 82.
Package microtype Info: Generating PDF output.
Package microtype Info: Character protrusion enabled (level 2).
Package microtype Info: Using default protrusion set `alltext'.
Package microtype Info: Automatic font expansion enabled (level 2),
(microtype)             stretch: 20, shrink: 20, step: 1, non-selected.
Package microtype Info: Using default expansion set `alltext-nott'.
LaTeX Info: Redefining \showhyphens on input line 82.
Package microtype Info: No adjustment of tracking.
Package microtype Info: No adjustment of interword spacing.
Package microtype Info: No adjustment of character kerning.

(C:\Users\walsh\AppData\Local\Programs\MiKTeX 2.9\tex/latex/microtype\mt-ppl.cf
g
File: mt-ppl.cfg 2005/11/16 v1.6 microtype config. file: Palatino (RS)
)
Package biblatex Info: Trying to load language 'english'...
Package biblatex Info: ... file 'english.lbx' found.

(C:\Users\walsh\AppData\Local\Programs\MiKTeX 2.9\tex/latex/biblatex/lbx\englis
h.lbx
File: english.lbx 2022/02/02 v3.17 biblatex localization (PK/MW)
)
Package biblatex Info: Input encoding 'utf8' detected.
Package biblatex Info: Automatic encoding selection.
(biblatex)             Assuming data encoding 'utf8'.
\openout3 = `draft.bcf'.

Package biblatex Info: Trying to load bibliographic data...
Package biblatex Info: ... file 'draft.bbl' found.
 (draft.bbl)
Package biblatex Info: Reference section=0 on input line 82.
Package biblatex Info: Reference segment=0 on input line 82.
Package caption Info: Begin \AtBeginDocument code.
Package caption Info: float package is loaded.
Package caption Info: hyperref package is loaded.
Package caption Info: listings package is loaded.
Package caption Info: End \AtBeginDocument code.

(C:\Users\walsh\AppData\Local\Programs\MiKTeX 2.9\tex/latex/graphics\color.sty
Package: color 2021/12/07 v1.3c Standard LaTeX Color (DPC)

(C:\Users\walsh\AppData\Local\Programs\MiKTeX 2.9\tex/latex/graphics-cfg\color.
cfg
File: color.cfg 2016/01/02 v1.6 sample color configuration
)
Package color Info: Driver file: pdftex.def on input line 149.
)
Package hyperref Info: Link coloring ON on input line 82.
 (draft.out) (draft.out)
\@outlinefile=\write4
\openout4 = `draft.out'.

\c@lstlisting=\count464
LaTeX Font Info:    Trying to load font information for OT1+pplx on input line 
85.

(C:\Users\walsh\AppData\Local\Programs\MiKTeX 2.9\tex/latex/psnfss\ot1pplx.fd
File: ot1pplx.fd 2004/09/06 font definitions for OT1/pplx.
)
LaTeX Font Info:    Trying to load font information for OML+zplm on input line 
85.

(C:\Users\walsh\AppData\Local\Programs\MiKTeX 2.9\tex/latex/psnfss\omlzplm.fd
File: omlzplm.fd 2002/09/08 Fontinst v1.914 font definitions for OML/zplm.
)
LaTeX Font Info:    Trying to load font information for OMS+zplm on input line 
85.

(C:\Users\walsh\AppData\Local\Programs\MiKTeX 2.9\tex/latex/psnfss\omszplm.fd
File: omszplm.fd 2002/09/08 Fontinst v1.914 font definitions for OMS/zplm.
)
LaTeX Font Info:    Trying to load font information for OMX+zplm on input line 
85.

(C:\Users\walsh\AppData\Local\Programs\MiKTeX 2.9\tex/latex/psnfss\omxzplm.fd
File: omxzplm.fd 2002/09/08 Fontinst v1.914 font definitions for OMX/zplm.
)
LaTeX Font Info:    Trying to load font information for OT1+zplm on input line 
85.

(C:\Users\walsh\AppData\Local\Programs\MiKTeX 2.9\tex/latex/psnfss\ot1zplm.fd
File: ot1zplm.fd 2002/09/08 Fontinst v1.914 font definitions for OT1/zplm.
)
Package microtype Info: Loading generic protrusion settings for font family
(microtype)             `zplm' (encoding: OT1).
(microtype)             For optimal results, create family-specific settings.
(microtype)             See the microtype manual for details.
LaTeX Font Info:    Trying to load font information for TS1+pplx on input line 
85.

(C:\Users\walsh\AppData\Local\Programs\MiKTeX 2.9\tex/latex/psnfss\ts1pplx.fd
File: ts1pplx.fd 2004/09/06 font definitions for TS1/pplx.
)
Underfull \hbox (badness 10000) in paragraph at lines 92--93

 []


Underfull \hbox (badness 1845) in paragraph at lines 94--95
\T1/pplx/m/n/10 (+20) and wire-less com-mu-ni-ca-tions in par-tic-u-lar [[][]1[
][]]
 []


Underfull \hbox (badness 10000) in paragraph at lines 94--95

 []


Underfull \hbox (badness 10000) in paragraph at lines 96--97

 []


Underfull \hbox (badness 10000) in paragraph at lines 98--99

 []


Underfull \hbox (badness 10000) in paragraph at lines 100--101

 []

[1{C:/Users/walsh/AppData/Local/MiKTeX/2.9/fonts/map/pdftex/pdftex.map}


]
Underfull \hbox (badness 10000) in paragraph at lines 102--103

 []


Underfull \hbox (badness 10000) in paragraph at lines 104--105

 []


Underfull \hbox (badness 10000) in paragraph at lines 106--107

 []


Underfull \hbox (badness 10000) in paragraph at lines 108--109

 []


Underfull \vbox (badness 2961) has occurred while \output is active []


Underfull \hbox (badness 10000) in paragraph at lines 110--111

 []


Underfull \hbox (badness 10000) in paragraph at lines 112--113

 []


Underfull \hbox (badness 1931) in paragraph at lines 114--115
[]\T1/pplx/m/n/10 (+20) Results show that these im-mi-grant schemes
 []


Underfull \hbox (badness 1253) in paragraph at lines 114--115
\T1/pplx/m/n/10 (+20) gen-er-a-tion and re-turn to [near-]optimal fit-ness
 []


Underfull \hbox (badness 10000) in paragraph at lines 114--115

 []


Underfull \hbox (badness 10000) in paragraph at lines 116--117

 []


Underfull \vbox (badness 2961) has occurred while \output is active []

 [2]
Underfull \hbox (badness 10000) in paragraph at lines 122--123

 []


Underfull \hbox (badness 10000) in paragraph at lines 126--127

 []


Underfull \hbox (badness 10000) in paragraph at lines 128--129

 []


Underfull \hbox (badness 10000) in paragraph at lines 130--132

 []


Underfull \hbox (badness 10000) in paragraph at lines 143--144

 []


Underfull \hbox (badness 10000) in paragraph at lines 153--154

 []


Underfull \hbox (badness 2828) in paragraph at lines 156--157
[]\T1/pplx/m/n/10 (+20) If $\OML/zplm/m/it/10 G[]\OT1/zplm/m/n/10 (\OML/zplm/m/
it/10 V[]\OT1/pplx/m/n/10 (+20) , \OML/zplm/m/it/10 E[]\OT1/pplx/m/n/10 (+20) ,
 \OML/zplm/m/it/10 W[]\OT1/zplm/m/n/10 )$ \T1/pplx/m/n/10 (+20) rep-re-sents an
 ini-tial graph
 []


Underfull \hbox (badness 10000) in paragraph at lines 156--157

 []

[3]
Underfull \hbox (badness 10000) in paragraph at lines 185--186

 []


Underfull \hbox (badness 1043) in paragraph at lines 187--188
[]\T1/pplx/m/n/10 (+20) This pa-per con-tends that these mod-els have
 []


Underfull \hbox (badness 10000) in paragraph at lines 187--188

 []


Underfull \hbox (badness 1163) in paragraph at lines 189--190
\T1/pplx/m/n/10 (+20) sta-tis-ti-cal prop-er-ties rel-e-vant to com-mu-ni-ca-ti
on
 []


Underfull \hbox (badness 10000) in paragraph at lines 189--190

 []


Underfull \hbox (badness 10000) in paragraph at lines 191--192

 []


Underfull \hbox (badness 1092) in paragraph at lines 193--194
\T1/pplx/m/n/10 (+20) is low as nodes do not form neigh-bour-hoods.
 []


Underfull \hbox (badness 1057) in paragraph at lines 193--194
\T1/pplx/m/n/10 (+20) near-optimal fit-ness. SSSP/D-SPRP sim-u-la-tions
 []


Underfull \hbox (badness 10000) in paragraph at lines 193--194

 []

[4]
Underfull \hbox (badness 1210) in paragraph at lines 195--196
[]\T1/pplx/m/n/10 (+20) For use in sim-u-la-tions, this pa-per iden-ti-fies
 []


Underfull \hbox (badness 1975) in paragraph at lines 195--196
\T1/pplx/m/n/10 (+20) SW net-works gen-er-ated by the Watts-Strogatz
 []


Underfull \hbox (badness 10000) in paragraph at lines 195--196

 []


Underfull \hbox (badness 10000) in paragraph at lines 200--201

 []


Underfull \hbox (badness 3179) in paragraph at lines 202--203
[]\T1/pplx/m/n/10 (+20) Networks with SW prop-er-ties have unique
 []


Underfull \hbox (badness 1484) in paragraph at lines 202--203
\T1/pplx/m/n/10 (+20) - char-ac-ter-is-tics, where densely con-nected and
 []


Underfull \hbox (badness 10000) in paragraph at lines 202--203

 []


Underfull \hbox (badness 10000) in paragraph at lines 204--205

 []


Underfull \hbox (badness 10000) in paragraph at lines 206--207

 []

[5]
<Figures/order_random.jpg, id=314, 563.60562pt x 248.93pt>
File: Figures/order_random.jpg Graphic file (type jpg)
<use Figures/order_random.jpg>
Package pdftex.def Info: Figures/order_random.jpg  used on input line 240.
(pdftex.def)             Requested size: 483.69687pt x 213.63881pt.
<Figures/order_random_poster.jpg, id=315, 813.53937pt x 215.80624pt>
File: Figures/order_random_poster.jpg Graphic file (type jpg)
<use Figures/order_random_poster.jpg>
Package pdftex.def Info: Figures/order_random_poster.jpg  used on input line 24
6.
(pdftex.def)             Requested size: 483.69687pt x 128.30916pt.

Underfull \hbox (badness 10000) in paragraph at lines 257--257
[]$\OT1/pplx/m/n/10 (+20) 0.0001, 0.000125893, 0.000158489,
 []


Underfull \hbox (badness 10000) in paragraph at lines 257--257
\OT1/pplx/m/n/10 (+20) 0.000794328, 0.001, 0.001258925,
 []


Underfull \hbox (badness 10000) in paragraph at lines 257--257
\OT1/pplx/m/n/10 (+20) 0.006309573, 0.007943282, 0.01,
 []


Underfull \hbox (badness 10000) in paragraph at lines 257--257
[]$\OT1/pplx/m/n/10 (+20) 0.0001, 0.000125893, 0.000158489,
 []


Underfull \hbox (badness 10000) in paragraph at lines 257--257
\OT1/pplx/m/n/10 (+20) 0.000794328, 0.001, 0.001258925,
 []


Underfull \hbox (badness 10000) in paragraph at lines 257--257
\OT1/pplx/m/n/10 (+20) 0.006309573, 0.007943282, 0.01,
 []


Underfull \hbox (badness 10000) in paragraph at lines 259--260

 []

<Figures/ws_statistics_log.jpg, id=317, 411.5375pt x 322.20375pt>
File: Figures/ws_statistics_log.jpg Graphic file (type jpg)
<use Figures/ws_statistics_log.jpg>
Package pdftex.def Info: Figures/ws_statistics_log.jpg  used on input line 262.

(pdftex.def)             Requested size: 231.84843pt x 181.5194pt.

Underfull \hbox (badness 10000) in paragraph at lines 271--272

 []


Underfull \hbox (badness 10000) in paragraph at lines 282--283

 []

[6] [7 <./Figures/order_random.jpg> <./Figures/order_random_poster.jpg>]
<Figures/ba/power_law_dist.jpg, id=346, 462.528pt x 346.896pt>
File: Figures/ba/power_law_dist.jpg Graphic file (type jpg)
<use Figures/ba/power_law_dist.jpg>
Package pdftex.def Info: Figures/ba/power_law_dist.jpg  used on input line 305.

(pdftex.def)             Requested size: 231.84843pt x 173.8869pt.
<Figures/ba/power_law_dist_loglog.jpg, id=352, 462.528pt x 346.896pt>
File: Figures/ba/power_law_dist_loglog.jpg Graphic file (type jpg)
<use Figures/ba/power_law_dist_loglog.jpg>
Package pdftex.def Info: Figures/ba/power_law_dist_loglog.jpg  used on input li
ne 313.
(pdftex.def)             Requested size: 231.84843pt x 173.8869pt.

Underfull \hbox (badness 10000) in paragraph at lines 318--319

 []

[8 <./Figures/ws_statistics_log.jpg> <./Figures/ba/power_law_dist.jpg> <./Figur
es/ba/power_law_dist_loglog.jpg>]
<Figures/ba/sf_poster.jpg, id=366, 578.16pt x 578.16pt>
File: Figures/ba/sf_poster.jpg Graphic file (type jpg)
<use Figures/ba/sf_poster.jpg>
Package pdftex.def Info: Figures/ba/sf_poster.jpg  used on input line 321.
(pdftex.def)             Requested size: 231.84843pt x 231.84215pt.
<Figures/ba/example_sizes.jpg, id=372, 1011.78pt x 361.35pt>
File: Figures/ba/example_sizes.jpg Graphic file (type jpg)
<use Figures/ba/example_sizes.jpg>
Package pdftex.def Info: Figures/ba/example_sizes.jpg  used on input line 329.
(pdftex.def)             Requested size: 483.69687pt x 172.7513pt.
<Figures/ba/degree_density_500.jpg, id=373, 361.35pt x 361.35pt>
File: Figures/ba/degree_density_500.jpg Graphic file (type jpg)
<use Figures/ba/degree_density_500.jpg>
Package pdftex.def Info: Figures/ba/degree_density_500.jpg  used on input line 
335.
(pdftex.def)             Requested size: 231.84843pt x 231.84767pt.

Underfull \vbox (badness 10000) has occurred while \output is active []

<Figures/ba/ghetto_degree_dist.jpg, id=374, 462.528pt x 346.896pt>
File: Figures/ba/ghetto_degree_dist.jpg Graphic file (type jpg)
<use Figures/ba/ghetto_degree_dist.jpg>
Package pdftex.def Info: Figures/ba/ghetto_degree_dist.jpg  used on input line 
341.
(pdftex.def)             Requested size: 231.84843pt x 173.8869pt.
<Figures/ba/degree_dist_log.png, id=377, 462.528pt x 346.896pt>
File: Figures/ba/degree_dist_log.png Graphic file (type png)
<use Figures/ba/degree_dist_log.png>
Package pdftex.def Info: Figures/ba/degree_dist_log.png  used on input line 347
.
(pdftex.def)             Requested size: 231.84843pt x 173.8869pt.

Underfull \vbox (badness 10000) has occurred while \output is active []

 [9 <./Figures/ba/sf_poster.jpg> <./Figures/ba/degree_density_500.jpg> <./Figur
es/ba/ghetto_degree_dist.jpg>]
<Figures/ba/degree_dist_density.jpg, id=388, 462.528pt x 346.896pt>
File: Figures/ba/degree_dist_density.jpg Graphic file (type jpg)
<use Figures/ba/degree_dist_density.jpg>
Package pdftex.def Info: Figures/ba/degree_dist_density.jpg  used on input line
 355.
(pdftex.def)             Requested size: 231.84843pt x 173.8869pt.
<Figures/ba/example_m1.jpg, id=389, 469.755pt x 325.215pt>
File: Figures/ba/example_m1.jpg Graphic file (type jpg)
<use Figures/ba/example_m1.jpg>
Package pdftex.def Info: Figures/ba/example_m1.jpg  used on input line 361.
(pdftex.def)             Requested size: 231.84843pt x 160.50801pt.

Underfull \vbox (badness 10000) has occurred while \output is active []

<Figures/ba/example_small.jpg, id=390, 469.755pt x 325.215pt>
File: Figures/ba/example_small.jpg Graphic file (type jpg)
<use Figures/ba/example_small.jpg>
Package pdftex.def Info: Figures/ba/example_small.jpg  used on input line 367.
(pdftex.def)             Requested size: 231.84843pt x 160.50801pt.

Underfull \hbox (badness 10000) in paragraph at lines 373--374

 []

[10 <./Figures/ba/example_sizes.jpg> <./Figures/ba/degree_dist_log.png> <./Figu
res/ba/degree_dist_density.jpg> <./Figures/ba/example_m1.jpg> <./Figures/ba/exa
mple_small.jpg>]
Underfull \hbox (badness 3108) in paragraph at lines 375--376
\T1/pplx/m/n/10 (+20) of in-creas-ingly strict def-i-ni-tions of `scale-free'
 []


Underfull \hbox (badness 10000) in paragraph at lines 375--376

 []


Underfull \hbox (badness 10000) in paragraph at lines 377--378

 []


LaTeX Warning: Reference `' on page 11 undefined on input line 379.

<Figures/ln/lognormal_dist.jpg, id=404, 462.528pt x 346.896pt>
File: Figures/ln/lognormal_dist.jpg Graphic file (type jpg)
<use Figures/ln/lognormal_dist.jpg>
Package pdftex.def Info: Figures/ln/lognormal_dist.jpg  used on input line 387.

(pdftex.def)             Requested size: 231.84843pt x 173.8869pt.

Underfull \vbox (badness 10000) has occurred while \output is active []


Underfull \hbox (badness 1817) in paragraph at lines 392--393
\T1/pplx/m/n/10 (+20) it's in-de-pen-dent, in-di-vid-ual ten-dency to form
 []


Underfull \hbox (badness 10000) in paragraph at lines 392--393

 []


Underfull \hbox (badness 10000) in paragraph at lines 394--395

 []


Underfull \hbox (badness 10000) in paragraph at lines 396--397

 []


Underfull \hbox (badness 1077) in paragraph at lines 398--399
\T1/pplx/m/n/10 (+20) prop-er-ties with re-spect to real-world net-works,
 []


Underfull \hbox (badness 10000) in paragraph at lines 398--399

 []

[11 <./Figures/ln/lognormal_dist.jpg>]
Underfull \hbox (badness 10000) in paragraph at lines 436--437

 []

<Figures/ln/ln_degree_dist.jpg, id=420, 361.35pt x 361.35pt>
File: Figures/ln/ln_degree_dist.jpg Graphic file (type jpg)
<use Figures/ln/ln_degree_dist.jpg>
Package pdftex.def Info: Figures/ln/ln_degree_dist.jpg  used on input line 441.

(pdftex.def)             Requested size: 231.84843pt x 231.84767pt.
<Figures/ln/example_sizes.jpg, id=423, 1011.78pt x 361.35pt>
File: Figures/ln/example_sizes.jpg Graphic file (type jpg)
<use Figures/ln/example_sizes.jpg>
Package pdftex.def Info: Figures/ln/example_sizes.jpg  used on input line 447.
(pdftex.def)             Requested size: 483.69687pt x 172.7513pt.
[12 <./Figures/ln/ln_degree_dist.jpg>]
(C:\Users\walsh\AppData\Local\Programs\MiKTeX 2.9\tex/latex/listings\lstlang1.s
ty
File: lstlang1.sty 2020/03/24 1.8d listings language file
)
Package hyperref Info: bookmark level for unknown lstlisting defaults to 0 on i
nput line 462.
 (Listings/log_normal.py
Underfull \vbox (badness 10000) has occurred while \output is active []


Underfull \vbox (badness 10000) has occurred while \output is active []

 [13 <./Figures/ln/example_sizes.jpg>]
Underfull \vbox (badness 10000) has occurred while \output is active []


Underfull \vbox (badness 10000) has occurred while \output is active []

 [14])
Underfull \hbox (badness 1142) in paragraph at lines 466--467
\T1/pplx/m/n/10 (+20) Yang & Wang pro-pose to sim-u-late topo-log-i-cal
 []


Underfull \hbox (badness 1320) in paragraph at lines 466--467
\T1/pplx/m/n/10 (+20) ge-o-graph-i-cal lo-ca-tion and wire-less con-nec-tiv-ity

 []


Underfull \hbox (badness 10000) in paragraph at lines 466--467

 []


Underfull \hbox (badness 10000) in paragraph at lines 468--469

 []


Underfull \hbox (badness 2221) in paragraph at lines 470--471
[]\T1/pplx/m/n/10 (+20) Furthermore, this pa-per pro-poses to model
 []


Underfull \hbox (badness 10000) in paragraph at lines 470--471

 []


Underfull \hbox (badness 1264) in paragraph at lines 472--473
\T1/pplx/m/n/10 (+20) from be-ing treated as a dy-namic op-ti-mi-sa-tion
 []


Underfull \hbox (badness 1303) in paragraph at lines 472--473
\T1/pplx/m/n/10 (+20) prob-lem in the case where the short-est paths
 []


Underfull \hbox (badness 1048) in paragraph at lines 472--473
\T1/pplx/m/n/10 (+20) are fre-quently af-fected, such that de-ter-min-is-tic
 []


Underfull \hbox (badness 10000) in paragraph at lines 472--473

 []


Underfull \hbox (badness 10000) in paragraph at lines 476--477

 []


Underfull \hbox (badness 10000) in paragraph at lines 483--484

 []


Underfull \hbox (badness 10000) in paragraph at lines 485--486

 []

<Figures/ewd/ew1_paths_std.jpg, id=583, 462.528pt x 346.896pt>
File: Figures/ewd/ew1_paths_std.jpg Graphic file (type jpg)
<use Figures/ewd/ew1_paths_std.jpg>
Package pdftex.def Info: Figures/ewd/ew1_paths_std.jpg  used on input line 494.

(pdftex.def)             Requested size: 231.84843pt x 173.8869pt.

Underfull \vbox (badness 4467) has occurred while \output is active []

 [15]
<Figures/ewd/ew1_paths_prob.jpg, id=600, 462.528pt x 346.896pt>
File: Figures/ewd/ew1_paths_prob.jpg Graphic file (type jpg)
<use Figures/ewd/ew1_paths_prob.jpg>
Package pdftex.def Info: Figures/ewd/ew1_paths_prob.jpg  used on input line 502
.
(pdftex.def)             Requested size: 231.84843pt x 173.8869pt.

Underfull \hbox (badness 3769) in paragraph at lines 507--508
\T1/pplx/m/n/10 (+20) the av-er-age short-est path-length (char-ac-ter-is-tic
 []


Underfull \hbox (badness 10000) in paragraph at lines 507--508

 []


Underfull \hbox (badness 10000) in paragraph at lines 509--510

 []

<Figures/ewd/ew1_length_std.jpg, id=602, 462.528pt x 346.896pt>
File: Figures/ewd/ew1_length_std.jpg Graphic file (type jpg)
<use Figures/ewd/ew1_length_std.jpg>
Package pdftex.def Info: Figures/ewd/ew1_length_std.jpg  used on input line 512
.
(pdftex.def)             Requested size: 231.84843pt x 173.8869pt.

Underfull \hbox (badness 10000) in paragraph at lines 517--518
\T1/pplx/m/n/10 (+20) and a range of prob-a-bil-ity pa-ram-e-ters
 []


Underfull \hbox (badness 2990) in paragraph at lines 517--518
\OML/zplm/m/it/10 Pr[] \OT1/zplm/m/n/10 = \OT1/pplx/m/n/10 (+20) 0.05, 0.25, 0.
5, 0.75$\T1/pplx/m/n/10 (+20) , the av-er-age path
 []


Underfull \hbox (badness 10000) in paragraph at lines 517--518

 []

<Figures/ewd/ew1_length_prob.jpg, id=604, 462.528pt x 346.896pt>
File: Figures/ewd/ew1_length_prob.jpg Graphic file (type jpg)
<use Figures/ewd/ew1_length_prob.jpg>
Package pdftex.def Info: Figures/ewd/ew1_length_prob.jpg  used on input line 52
0.
(pdftex.def)             Requested size: 231.84843pt x 173.8869pt.

Underfull \hbox (badness 1400) in paragraph at lines 525--526
[]\T1/pplx/m/n/10 (+20) In sum-mary, re-sults show that a sig-nif-i-cant
 []


Underfull \hbox (badness 10000) in paragraph at lines 525--526

 []


Underfull \hbox (badness 10000) in paragraph at lines 527--528

 []


Underfull \hbox (badness 10000) in paragraph at lines 529--530

 []

[16 <./Figures/ewd/ew1_paths_std.jpg> <./Figures/ewd/ew1_paths_prob.jpg> <./Fig
ures/ewd/ew1_length_std.jpg> <./Figures/ewd/ew1_length_prob.jpg>]
<Figures/ewd/ew2_ex1_paths.jpg, id=614, 462.528pt x 346.896pt>
File: Figures/ewd/ew2_ex1_paths.jpg Graphic file (type jpg)
<use Figures/ewd/ew2_ex1_paths.jpg>
Package pdftex.def Info: Figures/ewd/ew2_ex1_paths.jpg  used on input line 532.

(pdftex.def)             Requested size: 231.84843pt x 173.8869pt.
<Figures/ewd/ew2_ex2_lengths.jpg, id=615, 462.528pt x 346.896pt>
File: Figures/ewd/ew2_ex2_lengths.jpg Graphic file (type jpg)
<use Figures/ewd/ew2_ex2_lengths.jpg>
Package pdftex.def Info: Figures/ewd/ew2_ex2_lengths.jpg  used on input line 53
8.
(pdftex.def)             Requested size: 231.84843pt x 173.8869pt.

Underfull \hbox (badness 10000) in paragraph at lines 544--545

 []

<Figures/esd/paths.jpg, id=616, 462.528pt x 346.896pt>
File: Figures/esd/paths.jpg Graphic file (type jpg)
<use Figures/esd/paths.jpg>
Package pdftex.def Info: Figures/esd/paths.jpg  used on input line 549.
(pdftex.def)             Requested size: 231.84843pt x 173.8869pt.

Underfull \hbox (badness 2608) in paragraph at lines 554--555
[] []\T1/pplx/b/n/10 (+20) Sim-u-la-tions[] \T1/pplx/m/n/10 (+20) Fig-ure [][]2
3[][] shows the num-ber of
 []


Underfull \hbox (badness 10000) in paragraph at lines 554--555

 []

<Figures/esd/lengths.jpg, id=618, 462.528pt x 346.896pt>
File: Figures/esd/lengths.jpg Graphic file (type jpg)
<use Figures/esd/lengths.jpg>
Package pdftex.def Info: Figures/esd/lengths.jpg  used on input line 557.
(pdftex.def)             Requested size: 231.84843pt x 173.8869pt.

Underfull \hbox (badness 10000) in paragraph at lines 562--563

 []

[17 <./Figures/ewd/ew2_ex1_paths.jpg> <./Figures/ewd/ew2_ex2_lengths.jpg> <./Fi
gures/esd/paths.jpg> <./Figures/esd/lengths.jpg>]
Underfull \hbox (badness 10000) in paragraph at lines 564--565

 []


Underfull \hbox (badness 10000) in paragraph at lines 566--567

 []


Underfull \hbox (badness 10000) in paragraph at lines 569--570

 []


Underfull \hbox (badness 10000) in paragraph at lines 571--572

 []


Underfull \hbox (badness 1584) in paragraph at lines 574--575
\T1/pplx/m/n/10 (+20) val-ues $\OML/zplm/m/it/10 P[] \OT1/zplm/m/n/10 = \OT1/pp
lx/m/n/10 (+20) 0.01, 0.05, 0.1$\T1/pplx/m/n/10 (+20) , sim-u-la-tions were
 []


Underfull \hbox (badness 10000) in paragraph at lines 574--575

 []

<Figures/nsd/NS_ex1_paths_mean.jpg, id=630, 462.528pt x 346.896pt>
File: Figures/nsd/NS_ex1_paths_mean.jpg Graphic file (type jpg)
<use Figures/nsd/NS_ex1_paths_mean.jpg>
Package pdftex.def Info: Figures/nsd/NS_ex1_paths_mean.jpg  used on input line 
577.
(pdftex.def)             Requested size: 231.84843pt x 173.8869pt.

Underfull \vbox (badness 10000) has occurred while \output is active []

<Figures/nsd/NS_ex3_avg_length.jpg, id=631, 462.528pt x 346.896pt>
File: Figures/nsd/NS_ex3_avg_length.jpg Graphic file (type jpg)
<use Figures/nsd/NS_ex3_avg_length.jpg>
Package pdftex.def Info: Figures/nsd/NS_ex3_avg_length.jpg  used on input line 
583.
(pdftex.def)             Requested size: 231.84843pt x 173.8869pt.
<Figures/nsd/paths_prob_dist.jpg, id=634, 397.485pt x 321.2pt>
File: Figures/nsd/paths_prob_dist.jpg Graphic file (type jpg)
<use Figures/nsd/paths_prob_dist.jpg>
Package pdftex.def Info: Figures/nsd/paths_prob_dist.jpg  used on input line 59
1.
(pdftex.def)             Requested size: 231.84843pt x 187.35477pt.

Underfull \vbox (badness 10000) has occurred while \output is active []

 [18 <./Figures/nsd/NS_ex1_paths_mean.jpg> <./Figures/nsd/NS_ex3_avg_length.jpg
>]
<Figures/nsd/paths_dist.jpg, id=643, 355.82938pt x 324.21124pt>
File: Figures/nsd/paths_dist.jpg Graphic file (type jpg)
<use Figures/nsd/paths_dist.jpg>
Package pdftex.def Info: Figures/nsd/paths_dist.jpg  used on input line 597.
(pdftex.def)             Requested size: 231.84843pt x 211.24435pt.

Underfull \hbox (badness 10000) in paragraph at lines 605--606

 []


Underfull \hbox (badness 10000) in paragraph at lines 607--608

 []


Underfull \hbox (badness 2512) in paragraph at lines 609--610
[]\T1/pplx/m/n/10 (+20) Genetic Al-go-rithms are based on bi-o-log-i-cal
 []


Underfull \hbox (badness 1953) in paragraph at lines 609--610
\T1/pplx/m/n/10 (+20) so-lu-tions, also re-ferred to as hy-pothe-ses, are
 []


Underfull \hbox (badness 10000) in paragraph at lines 609--610

 []


Package hyperref Warning: Difference (2) between bookmark levels is greater 
(hyperref)                than one, level fixed on input line 622.


Underfull \hbox (badness 10000) in paragraph at lines 622--623

 []


Underfull \hbox (badness 10000) in paragraph at lines 626--627

 []

[19 <./Figures/nsd/paths_prob_dist.jpg> <./Figures/nsd/paths_dist.jpg>]
Underfull \hbox (badness 10000) in paragraph at lines 642--643

 []


Underfull \vbox (badness 1112) has occurred while \output is active []

Package hyperref Info: bookmark level for unknown algorithm defaults to 0 on in
put line 645.
Package microtype Info: Character `029' is missing
(microtype)             in font `T1/pplx/m/sc/10'.
(microtype)             Ignoring protrusion settings for this character.

Overfull \hbox (41.52232pt too wide) in paragraph at lines 647--648
[]\T1/pplx/b/n/10 (-20) pro-ce-dure \T1/pplx/m/sc/10 (-20) GA\T1/pplx/m/n/10 (-
20) ($\OML/zplm/m/it/10 Fitness\OT1/pplx/m/n/10 (-20) , \OML/zplm/m/it/10 thres
hold\OT1/pplx/m/n/10 (-20) , \OML/zplm/m/it/10 iterations\OT1/pplx/m/n/10 (-20)
 , \OML/zplm/m/it/10 graph\OT1/pplx/m/n/10 (-20) , \OML/zplm/m/it/10 p\OT1/pplx
/m/n/10 (-20) , \OML/zplm/m/it/10 m\OT1/pplx/m/n/10 (-20) , \OML/zplm/m/it/10 r
\OT1/pplx/m/n/10 (-20) , \OML/zplm/m/it/10 s$\T1/pplx/m/n/10 (-20) ) 
 []


Underfull \hbox (badness 3179) in paragraph at lines 660--661
[] \T1/pplx/b/n/10 (+20) while $\OT1/zplm/m/n/10 ([\OML/zplm/m/it/10 max[]Fitne
ss\OT1/zplm/m/n/10 (\OML/zplm/m/it/10 h\OT1/zplm/m/n/10 )] \OML/zplm/m/it/10 < 
threshold\OT1/zplm/m/n/10 ) \OMS/zplm/m/n/10 ^
 []


Underfull \hbox (badness 1057) in paragraph at lines 663--664
[] \T1/pplx/m/n/10 (+20) (Stochas-tic Uni-ver-sal Sam-pling) Se-lect
 []


Underfull \vbox (badness 10000) has occurred while \output is active []

 [20]
Underfull \hbox (badness 10000) in paragraph at lines 679--680

 []

<Figures/tsp/ring_optimal.jpg, id=669, 352.81813pt x 280.54813pt>
File: Figures/tsp/ring_optimal.jpg Graphic file (type jpg)
<use Figures/tsp/ring_optimal.jpg>
Package pdftex.def Info: Figures/tsp/ring_optimal.jpg  used on input line 682.
(pdftex.def)             Requested size: 231.84843pt x 184.35753pt.

Underfull \vbox (badness 1242) has occurred while \output is active []


Underfull \hbox (badness 10000) in paragraph at lines 687--688

 []

<Figures/tsp/ring_solution.jpg, id=671, 354.32375pt x 280.54813pt>
File: Figures/tsp/ring_solution.jpg Graphic file (type jpg)
<use Figures/tsp/ring_solution.jpg>
Package pdftex.def Info: Figures/tsp/ring_solution.jpg  used on input line 690.

(pdftex.def)             Requested size: 231.84843pt x 183.57841pt.

Underfull \hbox (badness 1248) in paragraph at lines 695--696
[]\T1/pplx/m/n/10 (+20) The learn-ing his-tory of the GA is recorded
 []


Underfull \hbox (badness 10000) in paragraph at lines 695--696

 []

[21 <./Figures/tsp/ring_optimal.jpg> <./Figures/tsp/ring_solution.jpg>]
<Figures/tsp/history.jpg, id=682, 424.58624pt x 310.66063pt>
File: Figures/tsp/history.jpg Graphic file (type jpg)
<use Figures/tsp/history.jpg>
Package pdftex.def Info: Figures/tsp/history.jpg  used on input line 698.
(pdftex.def)             Requested size: 231.84843pt x 169.64087pt.

Underfull \hbox (badness 10000) in paragraph at lines 706--707

 []


Underfull \hbox (badness 10000) in paragraph at lines 708--709

 []


Package hyperref Warning: Difference (2) between bookmark levels is greater 
(hyperref)                than one, level fixed on input line 710.


Underfull \hbox (badness 2189) in paragraph at lines 713--714
[] []\T1/pplx/b/n/10 (+20) Mu-ta-tion[] \T1/pplx/m/n/10 (+20) The mu-ta-tion me
thod pro-posed for
 []


Underfull \hbox (badness 10000) in paragraph at lines 713--714

 []


Underfull \hbox (badness 1622) in paragraph at lines 715--716
[] []\T1/pplx/b/n/10 (+20) Crossover[] \T1/pplx/m/n/10 (+20) The crossover meth
od is also used
 []


Underfull \hbox (badness 1590) in paragraph at lines 715--716
\T1/pplx/m/n/10 (+20) Single-point crossover is adopted as de-scribed
 []


Underfull \hbox (badness 1205) in paragraph at lines 715--716
\T1/pplx/m/n/10 (+20) com-mon ver-tices, one is cho-sen with uni-form
 []


Underfull \hbox (badness 10000) in paragraph at lines 715--716

 []

<Figures/sssp/result_small.jpg, id=694, 429.10312pt x 100.87688pt>
File: Figures/sssp/result_small.jpg Graphic file (type jpg)
<use Figures/sssp/result_small.jpg>
Package pdftex.def Info: Figures/sssp/result_small.jpg  used on input line 724.

(pdftex.def)             Requested size: 231.84843pt x 54.50502pt.
<Figures/sssp/result_large.jpg, id=695, 437.13312pt x 98.3675pt>
File: Figures/sssp/result_large.jpg Graphic file (type jpg)
<use Figures/sssp/result_large.jpg>
Package pdftex.def Info: Figures/sssp/result_large.jpg  used on input line 730.

(pdftex.def)             Requested size: 231.84843pt x 52.17203pt.

Underfull \vbox (badness 10000) has occurred while \output is active []

 [22 <./Figures/tsp/history.jpg> <./Figures/sssp/result_small.jpg>]
<Figures/sssp/solution.jpg, id=703, 394.97563pt x 334.24875pt>
File: Figures/sssp/solution.jpg Graphic file (type jpg)
<use Figures/sssp/solution.jpg>
Package pdftex.def Info: Figures/sssp/solution.jpg  used on input line 736.
(pdftex.def)             Requested size: 231.84843pt x 196.2003pt.
<Figures/sssp/history.jpg, id=704, 471.26062pt x 313.17pt>
File: Figures/sssp/history.jpg Graphic file (type jpg)
<use Figures/sssp/history.jpg>
Package pdftex.def Info: Figures/sssp/history.jpg  used on input line 742.
(pdftex.def)             Requested size: 231.84843pt x 154.07106pt.

Underfull \hbox (badness 10000) in paragraph at lines 749--750

 []

<Figures/sssp/result_small_2.jpg, id=712, 266.9975pt x 73.77562pt>
File: Figures/sssp/result_small_2.jpg Graphic file (type jpg)
<use Figures/sssp/result_small_2.jpg>
Package pdftex.def Info: Figures/sssp/result_small_2.jpg  used on input line 75
6.
(pdftex.def)             Requested size: 231.84843pt x 64.06604pt.
<Figures/sssp/result_large_2.jpg, id=713, 431.11063pt x 116.435pt>
File: Figures/sssp/result_large_2.jpg Graphic file (type jpg)
<use Figures/sssp/result_large_2.jpg>
Package pdftex.def Info: Figures/sssp/result_large_2.jpg  used on input line 76
2.
(pdftex.def)             Requested size: 231.84843pt x 62.61633pt.
<Figures/sssp/history_2.jpg, id=714, 450.68375pt x 322.70563pt>
File: Figures/sssp/history_2.jpg Graphic file (type jpg)
<use Figures/sssp/history_2.jpg>
Package pdftex.def Info: Figures/sssp/history_2.jpg  used on input line 768.
(pdftex.def)             Requested size: 231.84843pt x 166.01552pt.
<Figures/sims/mutation/mutation_table.jpg, id=715, 364.36125pt x 160.09813pt>
File: Figures/sims/mutation/mutation_table.jpg Graphic file (type jpg)
<use Figures/sims/mutation/mutation_table.jpg>
Package pdftex.def Info: Figures/sims/mutation/mutation_table.jpg  used on inpu
t line 774.
(pdftex.def)             Requested size: 483.69687pt x 212.54182pt.
[23 <./Figures/sssp/result_large.jpg> <./Figures/sssp/solution.jpg> <./Figures/
sssp/history.jpg> <./Figures/sssp/result_small_2.jpg> <./Figures/sssp/result_la
rge_2.jpg> <./Figures/sssp/history_2.jpg>]
<Figures/sims/mutation/mutation_comparison.jpg, id=727, 497.35812pt x 310.15875
pt>
File: Figures/sims/mutation/mutation_comparison.jpg Graphic file (type jpg)
<use Figures/sims/mutation/mutation_comparison.jpg>
Package pdftex.def Info: Figures/sims/mutation/mutation_comparison.jpg  used on
 input line 780.
(pdftex.def)             Requested size: 483.69687pt x 301.64397pt.
<Figures/sssp/runtime.jpg, id=729, 456.70625pt x 339.2675pt>
File: Figures/sssp/runtime.jpg Graphic file (type jpg)
<use Figures/sssp/runtime.jpg>
Package pdftex.def Info: Figures/sssp/runtime.jpg  used on input line 788.
(pdftex.def)             Requested size: 231.84843pt x 172.2269pt.

Underfull \hbox (badness 10000) in paragraph at lines 799--800

 []


Underfull \hbox (badness 10000) in paragraph at lines 801--802

 []


Underfull \hbox (badness 1184) in paragraph at lines 803--804
[]\T1/pplx/m/n/10 (+20) However, in a slowly chang-ing en-vi-ron-ment
 []


Underfull \hbox (badness 1902) in paragraph at lines 803--804
\T1/pplx/m/n/10 (+20) con-ver-gence to-wards the global op-ti-mum and
 []


Underfull \hbox (badness 1242) in paragraph at lines 803--804
\T1/pplx/m/n/10 (+20) Im-mi-grants GA (HIGA) utilises the im-mi-grant
 []


Underfull \hbox (badness 10000) in paragraph at lines 803--804

 []


Underfull \hbox (badness 10000) in paragraph at lines 805--806

 []


Underfull \hbox (badness 10000) in paragraph at lines 807--808

 []


Overfull \hbox (41.52232pt too wide) in paragraph at lines 815--816
[]\T1/pplx/b/n/10 (-20) pro-ce-dure \T1/pplx/m/sc/10 (-20) GA\T1/pplx/m/n/10 (-
20) ($\OML/zplm/m/it/10 Fitness\OT1/pplx/m/n/10 (-20) , \OML/zplm/m/it/10 thres
hold\OT1/pplx/m/n/10 (-20) , \OML/zplm/m/it/10 iterations\OT1/pplx/m/n/10 (-20)
 , \OML/zplm/m/it/10 graph\OT1/pplx/m/n/10 (-20) , \OML/zplm/m/it/10 p\OT1/pplx
/m/n/10 (-20) , \OML/zplm/m/it/10 m\OT1/pplx/m/n/10 (-20) , \OML/zplm/m/it/10 r
\OT1/pplx/m/n/10 (-20) , \OML/zplm/m/it/10 s$\T1/pplx/m/n/10 (-20) ) 
 []


Underfull \hbox (badness 1057) in paragraph at lines 836--837
[] \T1/pplx/m/n/10 (+20) (Stochas-tic Uni-ver-sal Sam-pling) Se-lect
 []


Underfull \vbox (badness 10000) has occurred while \output is active []

 [24 <./Figures/sssp/runtime.jpg>] [25 <./Figures/sims/mutation/mutation_table.
jpg> <./Figures/sims/mutation/mutation_comparison.jpg>]
Underfull \vbox (badness 10000) has occurred while \output is active []


Underfull \hbox (badness 1052) in paragraph at lines 887--888
[] []\T1/pplx/b/n/10 (+20) Sim-u-la-tion 1[] \T1/pplx/m/n/10 (+20) Log-Normal (
LN), Watts-Strogatz
 []

<Figures/sims/population/lognormal.jpg, id=746, 1084.05pt x 505.89pt>
File: Figures/sims/population/lognormal.jpg Graphic file (type jpg)
<use Figures/sims/population/lognormal.jpg>
Package pdftex.def Info: Figures/sims/population/lognormal.jpg  used on input l
ine 892.
(pdftex.def)             Requested size: 483.69687pt x 225.72629pt.
[26]
<Figures/sims/population/ln_500.jpg, id=755, 376.40625pt x 275.52937pt>
File: Figures/sims/population/ln_500.jpg Graphic file (type jpg)
<use Figures/sims/population/ln_500.jpg>
Package pdftex.def Info: Figures/sims/population/ln_500.jpg  used on input line
 900.
(pdftex.def)             Requested size: 231.84843pt x 169.71652pt.

Underfull \hbox (badness 10000) in paragraph at lines 905--906

 []


Underfull \hbox (badness 10000) in paragraph at lines 907--908

 []

<Figures/sims/population/all_pop.jpg, id=757, 722.7pt x 361.35pt>
File: Figures/sims/population/all_pop.jpg Graphic file (type jpg)
<use Figures/sims/population/all_pop.jpg>
Package pdftex.def Info: Figures/sims/population/all_pop.jpg  used on input lin
e 910.
(pdftex.def)             Requested size: 483.69687pt x 241.84961pt.

Underfull \hbox (badness 10000) in paragraph at lines 915--916

 []


Underfull \hbox (badness 4024) in paragraph at lines 917--918
[]\T1/pplx/m/n/10 (+20) These sim-u-la-tions in-di-cate that the over-all
 []


Underfull \hbox (badness 10000) in paragraph at lines 917--918

 []

<Figures/sims/population/higa_pop.jpg, id=761, 462.528pt x 346.896pt>
File: Figures/sims/population/higa_pop.jpg Graphic file (type jpg)
<use Figures/sims/population/higa_pop.jpg>
Package pdftex.def Info: Figures/sims/population/higa_pop.jpg  used on input li
ne 920.
(pdftex.def)             Requested size: 231.84843pt x 173.8869pt.

Underfull \vbox (badness 10000) has occurred while \output is active []

 [27 <./Figures/sims/population/lognormal.jpg> <./Figures/sims/population/ln_50
0.jpg>]
<Figures/sims/mutation/optimum.jpg, id=770, 1084.05pt x 433.62pt>
File: Figures/sims/mutation/optimum.jpg Graphic file (type jpg)
<use Figures/sims/mutation/optimum.jpg>
Package pdftex.def Info: Figures/sims/mutation/optimum.jpg  used on input line 
928.
(pdftex.def)             Requested size: 483.69687pt x 193.47969pt.
<Figures/sims/mutation/optimum_ten.jpg, id=771, 722.7pt x 325.215pt>
File: Figures/sims/mutation/optimum_ten.jpg Graphic file (type jpg)
<use Figures/sims/mutation/optimum_ten.jpg>
Package pdftex.def Info: Figures/sims/mutation/optimum_ten.jpg  used on input l
ine 934.
(pdftex.def)             Requested size: 483.69687pt x 217.66464pt.
<Figures/sims/mutation/mutation_v_fitness.jpg, id=773, 361.35pt x 361.35pt>
File: Figures/sims/mutation/mutation_v_fitness.jpg Graphic file (type jpg)
<use Figures/sims/mutation/mutation_v_fitness.jpg>
Package pdftex.def Info: Figures/sims/mutation/mutation_v_fitness.jpg  used on 
input line 942.
(pdftex.def)             Requested size: 231.84843pt x 231.84767pt.

Underfull \vbox (badness 10000) has occurred while \output is active []

 [28 <./Figures/sims/population/all_pop.jpg> <./Figures/sims/population/higa_po
p.jpg> <./Figures/sims/mutation/mutation_v_fitness.jpg>] [29 <./Figures/sims/mu
tation/optimum.jpg> <./Figures/sims/mutation/optimum_ten.jpg>]
Underfull \hbox (badness 10000) in paragraph at lines 957--958

 []

<Figures/sims/static/experiment_1.jpg, id=786, 1084.05pt x 867.24pt>
File: Figures/sims/static/experiment_1.jpg Graphic file (type jpg)
<use Figures/sims/static/experiment_1.jpg>
Package pdftex.def Info: Figures/sims/static/experiment_1.jpg  used on input li
ne 962.
(pdftex.def)             Requested size: 483.69687pt x 386.95938pt.
<Figures/sims/static/experiment_2.jpg, id=788, 1084.05pt x 867.24pt>
File: Figures/sims/static/experiment_2.jpg Graphic file (type jpg)
<use Figures/sims/static/experiment_2.jpg>
Package pdftex.def Info: Figures/sims/static/experiment_2.jpg  used on input li
ne 970.
(pdftex.def)             Requested size: 483.69687pt x 386.95938pt.
<Figures/sims/static/experiment_3.jpg, id=791, 1084.05pt x 867.24pt>
File: Figures/sims/static/experiment_3.jpg Graphic file (type jpg)
<use Figures/sims/static/experiment_3.jpg>
Package pdftex.def Info: Figures/sims/static/experiment_3.jpg  used on input li
ne 978.
(pdftex.def)             Requested size: 483.69687pt x 386.95938pt.

Underfull \hbox (badness 10000) in paragraph at lines 983--984

 []

<Figures/sims/static/experiment_4.jpg, id=792, 1084.05pt x 867.24pt>
File: Figures/sims/static/experiment_4.jpg Graphic file (type jpg)
<use Figures/sims/static/experiment_4.jpg>
Package pdftex.def Info: Figures/sims/static/experiment_4.jpg  used on input li
ne 986.
(pdftex.def)             Requested size: 483.69687pt x 386.95938pt.

Underfull \hbox (badness 1048) in paragraph at lines 991--992
\T1/pplx/m/n/10 (+20) per-forms best on av-er-age across all topolo-gies
 []


Underfull \hbox (badness 10000) in paragraph at lines 991--992

 []


Underfull \hbox (badness 1460) in paragraph at lines 993--994
\T1/pplx/m/n/10 (+20) the RIGA and stan-dard mod-els show simil-lar
 []


Underfull \hbox (badness 1616) in paragraph at lines 993--994
\T1/pplx/m/n/10 (+20) scale-free net-works ben-e-fits from elitism more
 []


Underfull \hbox (badness 10000) in paragraph at lines 993--994

 []


Underfull \hbox (badness 1253) in paragraph at lines 995--996
[]\T1/pplx/m/n/10 (+20) However, this pa-per woud note that re-sults
 []


Underfull \hbox (badness 10000) in paragraph at lines 995--996

 []


Underfull \hbox (badness 1062) in paragraph at lines 999--1000
\T1/pplx/m/n/10 (+20) rep-re-sen-ta-tive and in-ves-ti-gates the gen-er-a-tiona
l
 []


Underfull \hbox (badness 10000) in paragraph at lines 999--1000

 []

<Figures/sims/dynamic/prob_dyn.jpg, id=796, 1084.05pt x 867.24pt>
File: Figures/sims/dynamic/prob_dyn.jpg Graphic file (type jpg)
<use Figures/sims/dynamic/prob_dyn.jpg>
Package pdftex.def Info: Figures/sims/dynamic/prob_dyn.jpg  used on input line 
1004.
(pdftex.def)             Requested size: 483.69687pt x 386.95938pt.

Underfull \hbox (badness 10000) in paragraph at lines 1011--1012

 []

[30] [31 <./Figures/sims/static/experiment_1.jpg>] [32 <./Figures/sims/static/e
xperiment_2.jpg>] [33 <./Figures/sims/static/experiment_3.jpg>] [34 <./Figures/
sims/static/experiment_4.jpg>] [35 <./Figures/sims/dynamic/prob_dyn.jpg>]
<Figures/sims/dynamic/series_a_weight.jpg, id=833, 1300.86pt x 867.24pt>
File: Figures/sims/dynamic/series_a_weight.jpg Graphic file (type jpg)
<use Figures/sims/dynamic/series_a_weight.jpg>
Package pdftex.def Info: Figures/sims/dynamic/series_a_weight.jpg  used on inpu
t line 1016.
(pdftex.def)             Requested size: 483.69687pt x 322.46175pt.
<Figures/sims/dynamic/series_a_weight_2.jpg, id=834, 1300.86pt x 867.24pt>
File: Figures/sims/dynamic/series_a_weight_2.jpg Graphic file (type jpg)
<use Figures/sims/dynamic/series_a_weight_2.jpg>
Package pdftex.def Info: Figures/sims/dynamic/series_a_weight_2.jpg  used on in
put line 1022.
(pdftex.def)             Requested size: 483.69687pt x 322.46175pt.
<Figures/sims/dynamic/series_b_edge.jpg, id=837, 1300.86pt x 867.24pt>
File: Figures/sims/dynamic/series_b_edge.jpg Graphic file (type jpg)
<use Figures/sims/dynamic/series_b_edge.jpg>
Package pdftex.def Info: Figures/sims/dynamic/series_b_edge.jpg  used on input 
line 1030.
(pdftex.def)             Requested size: 483.69687pt x 322.46175pt.
<Figures/sims/dynamic/series_b_edge_2.jpg, id=838, 1300.86pt x 867.24pt>
File: Figures/sims/dynamic/series_b_edge_2.jpg Graphic file (type jpg)
<use Figures/sims/dynamic/series_b_edge_2.jpg>
Package pdftex.def Info: Figures/sims/dynamic/series_b_edge_2.jpg  used on inpu
t line 1036.
(pdftex.def)             Requested size: 483.69687pt x 322.46175pt.
<Figures/sims/dynamic/series_c_node.jpg, id=841, 1300.86pt x 867.24pt>
File: Figures/sims/dynamic/series_c_node.jpg Graphic file (type jpg)
<use Figures/sims/dynamic/series_c_node.jpg>
Package pdftex.def Info: Figures/sims/dynamic/series_c_node.jpg  used on input 
line 1044.
(pdftex.def)             Requested size: 483.69687pt x 322.46175pt.
<Figures/sims/dynamic/series_c_node_2.jpg, id=842, 1300.86pt x 867.24pt>
File: Figures/sims/dynamic/series_c_node_2.jpg Graphic file (type jpg)
<use Figures/sims/dynamic/series_c_node_2.jpg>
Package pdftex.def Info: Figures/sims/dynamic/series_c_node_2.jpg  used on inpu
t line 1050.
(pdftex.def)             Requested size: 483.69687pt x 322.46175pt.

Underfull \hbox (badness 10000) in paragraph at lines 1055--1056

 []


Underfull \hbox (badness 10000) in paragraph at lines 1057--1058

 []


Underfull \hbox (badness 1642) in paragraph at lines 1059--1060
\T1/pplx/m/n/10 (+20) of the syn-chron-sied sim-u-la-tion for topo-log-i-cal
 []


Underfull \hbox (badness 10000) in paragraph at lines 1059--1060

 []

<Figures/sims/dynamic/series_a_weight_sync.jpg, id=846, 844.8363pt x 597.6729pt
>
File: Figures/sims/dynamic/series_a_weight_sync.jpg Graphic file (type jpg)
<use Figures/sims/dynamic/series_a_weight_sync.jpg>
Package pdftex.def Info: Figures/sims/dynamic/series_a_weight_sync.jpg  used on
 input line 1063.
(pdftex.def)             Requested size: 483.69687pt x 342.19096pt.
<Figures/sims/dynamic/series_b_edge_sync.jpg, id=847, 844.8363pt x 597.6729pt>
File: Figures/sims/dynamic/series_b_edge_sync.jpg Graphic file (type jpg)
<use Figures/sims/dynamic/series_b_edge_sync.jpg>
Package pdftex.def Info: Figures/sims/dynamic/series_b_edge_sync.jpg  used on i
nput line 1069.
(pdftex.def)             Requested size: 483.69687pt x 342.19096pt.
<Figures/sims/dynamic/series_c_node_sync.jpg, id=848, 844.8363pt x 597.6729pt>
File: Figures/sims/dynamic/series_c_node_sync.jpg Graphic file (type jpg)
<use Figures/sims/dynamic/series_c_node_sync.jpg>
Package pdftex.def Info: Figures/sims/dynamic/series_c_node_sync.jpg  used on i
nput line 1075.
(pdftex.def)             Requested size: 483.69687pt x 342.19096pt.

Underfull \hbox (badness 10000) in paragraph at lines 1080--1081

 []


Underfull \hbox (badness 10000) in paragraph at lines 1082--1083

 []


LaTeX Warning: Reference `fig:dynamics_9' on page 36 undefined on input line 10
84.


LaTeX Warning: Reference `fig:dynamics_8' on page 36 undefined on input line 10
84.


LaTeX Warning: Reference `fig:dynamics_8' on page 36 undefined on input line 10
84.

[36]
Underfull \hbox (badness 10000) in paragraph at lines 1095--1096

 []


Underfull \hbox (badness 10000) in paragraph at lines 1097--1098

 []


Overfull \hbox (12.16159pt too wide) in paragraph at lines 1101--1111
 [] 
 []


Overfull \hbox (12.16159pt too wide) in paragraph at lines 1115--1125
 [] 
 []

[37 <./Figures/sims/dynamic/series_a_weight.jpg>]
Overfull \hbox (12.16159pt too wide) in paragraph at lines 1130--1140
 [] 
 []


Underfull \hbox (badness 10000) in paragraph at lines 1142--1143

 []


Underfull \hbox (badness 10000) in paragraph at lines 1144--1145

 []


Underfull \hbox (badness 3058) in paragraph at lines 1146--1147
\T1/pplx/m/n/10 (+20) that elitism tech-niques pro-duce bet-ter per-for-
 []


Underfull \hbox (badness 10000) in paragraph at lines 1146--1147

 []


Underfull \hbox (badness 10000) in paragraph at lines 1148--1149

 []


Underfull \vbox (badness 2351) has occurred while \output is active []

 [38 <./Figures/sims/dynamic/series_a_weight_2.jpg>]
Underfull \hbox (badness 10000) in paragraph at lines 1150--1151

 []


Underfull \vbox (badness 10000) has occurred while \output is active []


Underfull \hbox (badness 2753) in paragraph at lines 1198--1199
[]\T1/pplx/m/n/10 (+20) These re-sults in-ter-est-ingly in-di-cate that the
 []


Underfull \hbox (badness 2253) in paragraph at lines 1198--1199
\T1/pplx/m/n/10 (+20) dif-fer-ent topo-log-i-cal dy-nam-ics have a dis-tinct
 []


Underfull \hbox (badness 10000) in paragraph at lines 1198--1199

 []

[39 <./Figures/sims/dynamic/series_b_edge.jpg>]
Underfull \hbox (badness 10000) in paragraph at lines 1206--1207

 []


Underfull \hbox (badness 1515) in paragraph at lines 1208--1209
\T1/pplx/m/n/10 (+20) of this pa-per in-di-cate that rout-ing in dyamic
 []


Underfull \hbox (badness 1406) in paragraph at lines 1208--1209
\T1/pplx/m/n/10 (+20) Scale-Free net-works ben-e-fits most from elis-tist
 []


Underfull \hbox (badness 2393) in paragraph at lines 1208--1209
\T1/pplx/m/n/10 (+20) em-pha-sis-ing di-ver-sity such as RIGA. Densely
 []


Underfull \hbox (badness 10000) in paragraph at lines 1208--1209

 []


Underfull \vbox (badness 10000) has occurred while \output is active []

 [40 <./Figures/sims/dynamic/series_b_edge_2.jpg>]
Underfull \hbox (badness 10000) in paragraph at lines 1210--1211

 []


Underfull \hbox (badness 10000) in paragraph at lines 1212--1213

 []


Underfull \vbox (badness 7944) has occurred while \output is active []


Underfull \hbox (badness 1609) in paragraph at lines 1214--1215
[]\T1/pplx/m/n/10 (+20) There are many in-ter-est-ing cases for fu-ture
 []


Underfull \hbox (badness 10000) in paragraph at lines 1214--1215

 []

[41 <./Figures/sims/dynamic/series_c_node.jpg>]

Package biblatex Warning: No driver for entry type 'arcitle'.
(biblatex)                Using fallback driver on input line 1221.

[42 <./Figures/sims/dynamic/series_c_node_2.jpg>] [43 <./Figures/sims/dynamic/s
eries_a_weight_sync.jpg>] [44 <./Figures/sims/dynamic/series_b_edge_sync.jpg>]
[45 <./Figures/sims/dynamic/series_c_node_sync.jpg>] [46

] (draft.aux)

LaTeX Warning: There were undefined references.


LaTeX Warning: There were multiply-defined labels.

Package rerunfilecheck Info: File `draft.out' has not changed.
(rerunfilecheck)             Checksum: 70DBDDA6FA04FC9C47A717CD69EB2C4D;9510.
Package logreq Info: Writing requests to 'draft.run.xml'.
\openout1 = `draft.run.xml'.

 ) 
Here is how much of TeX's memory you used:
 27166 strings out of 478614
 477050 string characters out of 2841200
 1648127 words of memory out of 3000000
 43733 multiletter control sequences out of 15000+600000
 573854 words of font info for 682 fonts, out of 8000000 for 9000
 1141 hyphenation exceptions out of 8191
 75i,13n,82p,1396b,2051s stack positions out of 10000i,1000n,20000p,200000b,80000s
{C:/Users/walsh/AppData/Local/Programs/MiKTeX 2.9/fonts/enc/dvips/base/8r.enc
}<C:/Users/walsh/AppData/Local/Programs/MiKTeX 2.9/fonts/type1/public/amsfonts/
cm/cmex10.pfb><C:/Users/walsh/AppData/Local/Programs/MiKTeX 2.9/fonts/type1/pub
lic/amsfonts/cm/cmmi10.pfb><C:/Users/walsh/AppData/Local/Programs/MiKTeX 2.9/fo
nts/type1/public/amsfonts/cm/cmr10.pfb><C:/Users/walsh/AppData/Local/Programs/M
iKTeX 2.9/fonts/type1/public/amsfonts/cm/cmsy10.pfb><C:/Users/walsh/AppData/Loc
al/Programs/MiKTeX 2.9/fonts/type1/public/mathpazo/fplmr.pfb><C:/Users/walsh/Ap
pData/Local/Programs/MiKTeX 2.9/fonts/type1/public/mathpazo/fplmri.pfb><C:/User
s/walsh/AppData/Local/Programs/MiKTeX 2.9/fonts/type1/urw/palatino/uplb8a.pfb><
C:/Users/walsh/AppData/Local/Programs/MiKTeX 2.9/fonts/type1/urw/palatino/uplr8
a.pfb><C:/Users/walsh/AppData/Local/Programs/MiKTeX 2.9/fonts/type1/urw/palatin
o/uplri8a.pfb>
Output written on draft.pdf (46 pages, 19184370 bytes).
PDF statistics:
 1041 PDF objects out of 1200 (max. 8388607)
 357 named destinations out of 1000 (max. 500000)
 133863 words of extra memory for PDF output out of 154059 (max. 10000000)

