\BOOKMARK [1][-]{section*.1}{\376\377\000I\000n\000t\000r\000o\000d\000u\000c\000t\000i\000o\000n}{}% 1
\BOOKMARK [1][-]{section*.2}{\376\377\000P\000r\000o\000b\000l\000e\000m\000\040\000D\000e\000f\000i\000n\000i\000t\000i\000o\000n}{}% 2
\BOOKMARK [2][-]{subsection*.3}{\376\377\000S\000i\000n\000g\000l\000e\000\040\000S\000o\000u\000r\000c\000e\000\040\000S\000h\000o\000r\000t\000e\000s\000t\000\040\000P\000a\000t\000h}{section*.2}% 3
\BOOKMARK [2][-]{subsection*.4}{\376\377\000D\000y\000n\000a\000m\000i\000c\000\040\000S\000h\000o\000r\000t\000e\000s\000t\000\040\000P\000a\000t\000h\000\040\000R\000o\000u\000t\000i\000n\000g\000\040\000P\000r\000o\000b\000l\000e\000m}{section*.2}% 4
\BOOKMARK [2][-]{subsection*.5}{\376\377\000N\000o\000t\000a\000t\000i\000o\000n\000s}{section*.2}% 5
\BOOKMARK [1][-]{section*.6}{\376\377\000N\000e\000t\000w\000o\000r\000k\000\040\000T\000o\000p\000o\000l\000o\000g\000i\000e\000s}{}% 6
\BOOKMARK [2][-]{subsection*.7}{\376\377\000S\000t\000o\000c\000h\000a\000s\000t\000i\000c\000\040\000T\000o\000p\000o\000l\000o\000g\000i\000c\000a\000l\000\040\000D\000y\000n\000a\000m\000i\000c\000s}{section*.6}% 7
\BOOKMARK [2][-]{subsection*.8}{\376\377\000W\000e\000i\000g\000h\000t\000\040\000S\000e\000t\000\040\000D\000y\000n\000a\000m\000i\000c\000s}{section*.6}% 8
\BOOKMARK [3][-]{subsubsection*.9}{\376\377\000S\000i\000m\000u\000l\000a\000t\000i\000o\000n\000s}{subsection*.8}% 9
\BOOKMARK [2][-]{subsection*.16}{\376\377\000E\000d\000g\000e\000\040\000S\000e\000t\000\040\000D\000y\000n\000a\000m\000i\000c\000s}{section*.6}% 10
\BOOKMARK [3][-]{subsubsection*.17}{\376\377\000S\000i\000m\000u\000l\000a\000t\000i\000o\000n\000s}{subsection*.16}% 11
\BOOKMARK [2][-]{subsection*.20}{\376\377\000N\000o\000d\000e\000\040\000S\000e\000t\000\040\000D\000y\000n\000a\000m\000i\000c\000s}{section*.6}% 12
\BOOKMARK [3][-]{subsubsection*.21}{\376\377\000S\000i\000m\000u\000l\000a\000t\000i\000o\000n\000s}{subsection*.20}% 13
\BOOKMARK [1][-]{section*.26}{\376\377\000P\000r\000o\000t\000o\000-\000t\000y\000p\000i\000c\000a\000l\000\040\000G\000e\000n\000e\000t\000i\000c\000\040\000A\000l\000g\000o\000r\000i\000t\000h\000m\000\040\000f\000o\000r\000\040\000a\000\040\000S\000i\000m\000p\000l\000i\000f\000i\000e\000d\000\040\000P\000r\000o\000b\000l\000e\000m\000\040\000D\000e\000f\000i\000n\000t\000i\000o\000n\000:\000\040\000T\000r\000a\000v\000e\000l\000l\000i\000n\000g\000\040\000S\000a\000l\000e\000s\000m\000a\000n}{}% 14
\BOOKMARK [2][-]{subsubsection*.27}{\376\377\000E\000n\000c\000o\000d\000i\000n\000g}{section*.26}% 15
\BOOKMARK [3][-]{subsubsection*.28}{\376\377\000H\000y\000p\000o\000t\000h\000e\000s\000e\000s\000\040\000G\000e\000n\000e\000r\000a\000t\000i\000o\000n}{subsubsection*.27}% 16
\BOOKMARK [3][-]{subsubsection*.29}{\376\377\000F\000i\000t\000n\000e\000s\000s\000\040\000\046\000\040\000S\000e\000l\000e\000c\000t\000i\000o\000n}{subsubsection*.27}% 17
\BOOKMARK [3][-]{subsubsection*.30}{\376\377\000C\000r\000o\000s\000s\000o\000v\000e\000r}{subsubsection*.27}% 18
\BOOKMARK [3][-]{subsubsection*.31}{\376\377\000M\000u\000t\000a\000t\000i\000o\000n}{subsubsection*.27}% 19
\BOOKMARK [3][-]{subsubsection*.32}{\376\377\000S\000i\000m\000u\000l\000a\000t\000i\000o\000n\000s}{subsubsection*.27}% 20
\BOOKMARK [1][-]{section*.36}{\376\377\000S\000p\000e\000c\000i\000a\000l\000i\000s\000e\000d\000\040\000G\000A\000\040\000f\000o\000r\000\040\000S\000S\000S\000P\000\040\000R\000o\000u\000t\000i\000n\000g}{}% 21
\BOOKMARK [2][-]{subsubsection*.37}{\376\377\000P\000o\000p\000u\000l\000a\000t\000i\000o\000n\000\040\000G\000e\000n\000e\000r\000a\000t\000i\000o\000n}{section*.36}% 22
\BOOKMARK [3][-]{subsubsection*.38}{\376\377\000M\000u\000t\000a\000t\000i\000o\000n}{subsubsection*.37}% 23
\BOOKMARK [3][-]{subsubsection*.39}{\376\377\000C\000r\000o\000s\000s\000o\000v\000e\000r}{subsubsection*.37}% 24
\BOOKMARK [1][-]{section*.44}{\376\377\000S\000p\000e\000c\000i\000a\000l\000i\000s\000e\000d\000\040\000G\000A\000\040\000w\000i\000t\000h\000\040\000I\000m\000m\000i\000g\000r\000a\000n\000t\000\040\000S\000c\000h\000e\000m\000e\000s\000\040\000f\000o\000r\000\040\000D\000S\000P\000R\000P}{}% 25
\BOOKMARK [1][-]{section*.45}{\376\377\000B\000a\000s\000i\000c\000\040\000S\000i\000m\000u\000l\000a\000t\000i\000o\000n\000\040\000R\000e\000s\000u\000l\000t\000s\000\040\000\046\000\040\000A\000n\000a\000l\000y\000s\000i\000s}{}% 26
\BOOKMARK [2][-]{subsection*.46}{\376\377\000D\000e\000f\000i\000n\000i\000n\000g\000\040\000O\000p\000t\000i\000m\000a\000l\000\040\000P\000a\000r\000a\000m\000e\000t\000e\000r\000s}{section*.45}% 27
\BOOKMARK [2][-]{subsection*.54}{\376\377\000G\000A\000\040\000S\000t\000a\000t\000i\000c\000\040\000P\000e\000r\000f\000o\000r\000m\000a\000n\000c\000e}{section*.45}% 28
\BOOKMARK [2][-]{subsection*.59}{\376\377\000D\000y\000n\000a\000m\000i\000c\000s\000:\000\040\000C\000h\000a\000n\000g\000e\000\040\000P\000r\000o\000b\000a\000b\000i\000l\000i\000t\000y\000\040\000P\000a\000r\000a\000m\000e\000t\000e\000r}{section*.45}% 29
\BOOKMARK [2][-]{subsection*.61}{\376\377\000D\000y\000n\000a\000m\000i\000c\000\040\000S\000i\000m\000u\000l\000a\000t\000i\000o\000n\000s}{section*.45}% 30
\BOOKMARK [3][-]{subsubsection*.62}{\376\377\000S\000i\000m\000u\000l\000a\000t\000i\000o\000n\000\040\0001}{subsection*.61}% 31
\BOOKMARK [3][-]{subsubsection*.65}{\376\377\000S\000i\000m\000u\000l\000a\000t\000i\000o\000n\000\040\0002}{subsection*.61}% 32
\BOOKMARK [3][-]{subsubsection*.68}{\376\377\000S\000i\000m\000u\000l\000a\000t\000i\000o\000n\000\040\0003}{subsection*.61}% 33
\BOOKMARK [3][-]{subsubsection*.71}{\376\377\000S\000i\000m\000u\000l\000a\000t\000i\000o\000n\000\040\0004}{subsection*.61}% 34
\BOOKMARK [3][-]{subsubsection*.75}{\376\377\000I\000n\000t\000e\000r\000p\000r\000e\000t\000a\000t\000i\000o\000n\000\040\000o\000f\000\040\000R\000e\000s\000u\000l\000t\000s}{subsection*.61}% 35
\BOOKMARK [2][-]{subsection*.76}{\376\377\000B\000e\000s\000t\000\040\000o\000f\000\040\000G\000e\000n\000e\000r\000a\000t\000i\000o\000n\000\040\000A\000c\000c\000u\000r\000a\000c\000y}{section*.45}% 36
\BOOKMARK [3][-]{subsubsection*.77}{\376\377\000W\000e\000i\000g\000h\000t\000\040\000S\000e\000t\000\040\000m\000B\000G\000A}{subsection*.76}% 37
\BOOKMARK [3][-]{subsubsection*.78}{\376\377\000E\000d\000g\000e\000\040\000S\000e\000t\000\040\000m\000B\000G\000A}{subsection*.76}% 38
\BOOKMARK [3][-]{subsubsection*.79}{\376\377\000N\000o\000d\000e\000\040\000S\000e\000t\000\040\000m\000B\000G\000A}{subsection*.76}% 39
\BOOKMARK [3][-]{subsubsection*.80}{\376\377\000E\000d\000g\000e\000\040\000S\000e\000t\000\040\000M\000e\000a\000n\000\040\000G\000e\000n\000e\000r\000a\000t\000i\000o\000n\000s\000\040\000a\000t\000\040\000T\000a\000r\000g\000e\000t\000\040\000F\000i\000t\000n\000e\000s\000s\000\040\000\050\000/\0006\0000\000\040\000G\000e\000n\000e\000r\000a\000t\000i\000o\000n\000s\000\051}{subsection*.76}% 40
\BOOKMARK [3][-]{subsubsection*.81}{\376\377\000W\000e\000i\000g\000h\000t\000\040\000S\000e\000t\000\040\000M\000e\000a\000n\000\040\000G\000e\000n\000e\000r\000a\000t\000i\000o\000n\000s\000\040\000a\000t\000\040\000T\000a\000r\000g\000e\000t\000\040\000F\000i\000t\000n\000e\000s\000s\000\040\000\050\000/\0006\0000\000\040\000G\000e\000n\000e\000r\000a\000t\000i\000o\000n\000s\000\051}{subsection*.76}% 41
\BOOKMARK [3][-]{subsubsection*.82}{\376\377\000N\000o\000d\000e\000\040\000S\000e\000t\000\040\000M\000e\000a\000n\000\040\000G\000e\000n\000e\000r\000a\000t\000i\000o\000n\000s\000\040\000a\000t\000\040\000T\000a\000r\000g\000e\000t\000\040\000F\000i\000t\000n\000e\000s\000s\000\040\000\050\000/\0006\0000\000\040\000G\000e\000n\000e\000r\000a\000t\000i\000o\000n\000s\000\051}{subsection*.76}% 42
\BOOKMARK [1][-]{section*.83}{\376\377\000C\000o\000n\000c\000l\000u\000s\000i\000o\000n\000\040\000a\000n\000d\000\040\000F\000u\000t\000u\000r\000e\000\040\000W\000o\000r\000k}{}% 43
\BOOKMARK [2][-]{subsubsection*.84}{\376\377\000S\000m\000a\000l\000l\000-\000W\000o\000r\000l\000d\000\040\000M\000o\000d\000e\000l}{section*.83}% 44
\BOOKMARK [3][-]{subsubsection*.88}{\376\377\000S\000c\000a\000l\000e\000-\000F\000r\000e\000e\000\040\000M\000o\000d\000e\000l}{subsubsection*.84}% 45
\BOOKMARK [3][-]{subsubsection*.99}{\376\377\000L\000o\000g\000-\000N\000o\000r\000m\000a\000l\000\040\000M\000o\000d\000e\000l}{subsubsection*.84}% 46
\BOOKMARK [3][-]{subsubsection*.106}{\376\377\000S\000i\000m\000u\000l\000a\000t\000i\000o\000n\000\040\0001}{subsubsection*.84}% 47
\BOOKMARK [3][-]{subsubsection*.107}{\376\377\000S\000i\000m\000u\000l\000a\000t\000i\000o\000n\000\040\0002}{subsubsection*.84}% 48
\BOOKMARK [3][-]{subsubsection*.108}{\376\377\000S\000i\000m\000u\000l\000a\000t\000i\000o\000n\000\040\0003}{subsubsection*.84}% 49
\BOOKMARK [3][-]{subsubsection*.109}{\376\377\000S\000i\000m\000u\000l\000a\000t\000i\000o\000n\000\040\0004}{subsubsection*.84}% 50
