\BOOKMARK [1][-]{section*.1}{\376\377\000I\000n\000t\000r\000o\000d\000u\000c\000t\000i\000o\000n}{}% 1
\BOOKMARK [1][-]{section*.2}{\376\377\000P\000r\000o\000b\000l\000e\000m\000\040\000D\000e\000f\000i\000n\000i\000t\000i\000o\000n}{}% 2
\BOOKMARK [2][-]{subsection*.3}{\376\377\000S\000i\000n\000g\000l\000e\000\040\000S\000o\000u\000r\000c\000e\000\040\000S\000h\000o\000r\000t\000e\000s\000t\000\040\000P\000a\000t\000h}{section*.2}% 3
\BOOKMARK [2][-]{subsection*.4}{\376\377\000D\000y\000n\000a\000m\000i\000c\000\040\000S\000h\000o\000r\000t\000e\000s\000t\000\040\000P\000a\000t\000h\000\040\000R\000o\000u\000t\000i\000n\000g\000\040\000P\000r\000o\000b\000l\000e\000m}{section*.2}% 4
\BOOKMARK [2][-]{subsection*.5}{\376\377\000N\000o\000t\000a\000t\000i\000o\000n\000s}{section*.2}% 5
\BOOKMARK [1][-]{section*.6}{\376\377\000N\000e\000t\000w\000o\000r\000k\000\040\000T\000o\000p\000o\000l\000o\000g\000i\000e\000s}{}% 6
\BOOKMARK [2][-]{subsection*.7}{\376\377\000R\000a\000n\000d\000o\000m\000\040\000G\000r\000a\000p\000h\000\040\000M\000o\000d\000e\000l\000s}{section*.6}% 7
\BOOKMARK [3][-]{subsubsection*.8}{\376\377\000S\000m\000a\000l\000l\000-\000W\000o\000r\000l\000d\000\040\000M\000o\000d\000e\000l}{subsection*.7}% 8
\BOOKMARK [3][-]{subsubsection*.12}{\376\377\000S\000c\000a\000l\000e\000-\000F\000r\000e\000e\000\040\000M\000o\000d\000e\000l}{subsection*.7}% 9
\BOOKMARK [3][-]{subsubsection*.23}{\376\377\000L\000o\000g\000-\000N\000o\000r\000m\000a\000l\000\040\000M\000o\000d\000e\000l}{subsection*.7}% 10
\BOOKMARK [2][-]{subsection*.27}{\376\377\000S\000t\000o\000c\000h\000a\000s\000t\000i\000c\000\040\000T\000o\000p\000o\000l\000o\000g\000i\000c\000a\000l\000\040\000D\000y\000n\000a\000m\000i\000c\000s}{section*.6}% 11
\BOOKMARK [2][-]{subsection*.28}{\376\377\000W\000e\000i\000g\000h\000t\000\040\000S\000e\000t\000\040\000D\000y\000n\000a\000m\000i\000c\000s}{section*.6}% 12
\BOOKMARK [3][-]{subsubsection*.29}{\376\377\000S\000i\000m\000u\000l\000a\000t\000i\000o\000n\000s}{subsection*.28}% 13
\BOOKMARK [2][-]{subsection*.36}{\376\377\000E\000d\000g\000e\000\040\000S\000e\000t\000\040\000D\000y\000n\000a\000m\000i\000c\000s}{section*.6}% 14
\BOOKMARK [3][-]{subsubsection*.37}{\376\377\000S\000i\000m\000u\000l\000a\000t\000i\000o\000n\000s}{subsection*.36}% 15
\BOOKMARK [2][-]{subsection*.40}{\376\377\000N\000o\000d\000e\000\040\000S\000e\000t\000\040\000D\000y\000n\000a\000m\000i\000c\000s}{section*.6}% 16
\BOOKMARK [3][-]{subsubsection*.41}{\376\377\000S\000i\000m\000u\000l\000a\000t\000i\000o\000n\000s}{subsection*.40}% 17
\BOOKMARK [1][-]{section*.46}{\376\377\000P\000r\000o\000t\000o\000-\000t\000y\000p\000i\000c\000a\000l\000\040\000G\000e\000n\000e\000t\000i\000c\000\040\000A\000l\000g\000o\000r\000i\000t\000h\000m\000\040\000f\000o\000r\000\040\000a\000\040\000S\000i\000m\000p\000l\000i\000f\000i\000e\000d\000\040\000P\000r\000o\000b\000l\000e\000m\000\040\000D\000e\000f\000i\000n\000t\000i\000o\000n\000:\000\040\000T\000r\000a\000v\000e\000l\000l\000i\000n\000g\000\040\000S\000a\000l\000e\000s\000m\000a\000n}{}% 18
\BOOKMARK [2][-]{subsubsection*.47}{\376\377\000E\000n\000c\000o\000d\000i\000n\000g}{section*.46}% 19
\BOOKMARK [3][-]{subsubsection*.48}{\376\377\000H\000y\000p\000o\000t\000h\000e\000s\000e\000s\000\040\000G\000e\000n\000e\000r\000a\000t\000i\000o\000n}{subsubsection*.47}% 20
\BOOKMARK [3][-]{subsubsection*.49}{\376\377\000F\000i\000t\000n\000e\000s\000s\000\040\000\046\000\040\000S\000e\000l\000e\000c\000t\000i\000o\000n}{subsubsection*.47}% 21
\BOOKMARK [3][-]{subsubsection*.50}{\376\377\000C\000r\000o\000s\000s\000o\000v\000e\000r}{subsubsection*.47}% 22
\BOOKMARK [3][-]{subsubsection*.51}{\376\377\000M\000u\000t\000a\000t\000i\000o\000n}{subsubsection*.47}% 23
\BOOKMARK [3][-]{subsubsection*.52}{\376\377\000S\000i\000m\000u\000l\000a\000t\000i\000o\000n\000s}{subsubsection*.47}% 24
\BOOKMARK [1][-]{section*.56}{\376\377\000S\000p\000e\000c\000i\000a\000l\000i\000s\000e\000d\000\040\000G\000A\000\040\000f\000o\000r\000\040\000S\000S\000S\000P\000\040\000R\000o\000u\000t\000i\000n\000g}{}% 25
\BOOKMARK [2][-]{subsubsection*.57}{\376\377\000P\000o\000p\000u\000l\000a\000t\000i\000o\000n\000\040\000G\000e\000n\000e\000r\000a\000t\000i\000o\000n}{section*.56}% 26
\BOOKMARK [3][-]{subsubsection*.58}{\376\377\000M\000u\000t\000a\000t\000i\000o\000n}{subsubsection*.57}% 27
\BOOKMARK [3][-]{subsubsection*.59}{\376\377\000C\000r\000o\000s\000s\000o\000v\000e\000r}{subsubsection*.57}% 28
\BOOKMARK [3][-]{subsubsection*.64}{\376\377\000P\000e\000r\000f\000o\000r\000m\000a\000n\000c\000e\000\040\000I\000s\000s\000u\000e\000s}{subsubsection*.57}% 29
\BOOKMARK [1][-]{section*.71}{\376\377\000S\000p\000e\000c\000i\000a\000l\000i\000s\000e\000d\000\040\000G\000A\000\040\000w\000i\000t\000h\000\040\000I\000m\000m\000i\000g\000r\000a\000n\000t\000\040\000S\000c\000h\000e\000m\000e\000s\000\040\000f\000o\000r\000\040\000D\000S\000P\000R\000P}{}% 30
\BOOKMARK [1][-]{section*.72}{\376\377\000B\000a\000s\000i\000c\000\040\000S\000i\000m\000u\000l\000a\000t\000i\000o\000n\000\040\000R\000e\000s\000u\000l\000t\000s\000\040\000\046\000\040\000A\000n\000a\000l\000y\000s\000i\000s}{}% 31
\BOOKMARK [2][-]{subsection*.73}{\376\377\000D\000e\000f\000i\000n\000i\000n\000g\000\040\000O\000p\000t\000i\000m\000a\000l\000\040\000P\000a\000r\000a\000m\000e\000t\000e\000r\000s}{section*.72}% 32
\BOOKMARK [3][-]{subsubsection*.74}{\376\377\000S\000i\000m\000u\000l\000a\000t\000i\000o\000n\000\040\0001}{subsection*.73}% 33
\BOOKMARK [3][-]{subsubsection*.79}{\376\377\000S\000i\000m\000u\000l\000a\000t\000i\000o\000n\000\040\0002}{subsection*.73}% 34
\BOOKMARK [2][-]{subsection*.83}{\376\377\000G\000A\000\040\000S\000t\000a\000t\000i\000c\000\040\000P\000e\000r\000f\000o\000r\000m\000a\000n\000c\000e}{section*.72}% 35
\BOOKMARK [3][-]{subsubsection*.84}{\376\377\000S\000i\000m\000u\000l\000a\000t\000i\000o\000n\000\040\0001}{subsection*.83}% 36
\BOOKMARK [3][-]{subsubsection*.86}{\376\377\000S\000i\000m\000u\000l\000a\000t\000i\000o\000n\000\040\0002}{subsection*.83}% 37
\BOOKMARK [3][-]{subsubsection*.88}{\376\377\000S\000i\000m\000u\000l\000a\000t\000i\000o\000n\000\040\0003}{subsection*.83}% 38
\BOOKMARK [3][-]{subsubsection*.90}{\376\377\000S\000i\000m\000u\000l\000a\000t\000i\000o\000n\000\040\0004}{subsection*.83}% 39
\BOOKMARK [2][-]{subsection*.92}{\376\377\000D\000y\000n\000a\000m\000i\000c\000s\000:\000\040\000C\000h\000a\000n\000g\000e\000\040\000P\000r\000o\000b\000a\000b\000i\000l\000i\000t\000y\000\040\000P\000a\000r\000a\000m\000e\000t\000e\000r}{section*.72}% 40
\BOOKMARK [2][-]{subsection*.94}{\376\377\000D\000y\000n\000a\000m\000i\000c\000\040\000S\000i\000m\000u\000l\000a\000t\000i\000o\000n\000s}{section*.72}% 41
\BOOKMARK [3][-]{subsubsection*.95}{\376\377\000S\000i\000m\000u\000l\000a\000t\000i\000o\000n\000\040\0001}{subsection*.94}% 42
\BOOKMARK [3][-]{subsubsection*.98}{\376\377\000S\000i\000m\000u\000l\000a\000t\000i\000o\000n\000\040\0002}{subsection*.94}% 43
\BOOKMARK [3][-]{subsubsection*.101}{\376\377\000S\000i\000m\000u\000l\000a\000t\000i\000o\000n\000\040\0003}{subsection*.94}% 44
\BOOKMARK [3][-]{subsubsection*.104}{\376\377\000S\000i\000m\000u\000l\000a\000t\000i\000o\000n\000\040\0004}{subsection*.94}% 45
\BOOKMARK [3][-]{subsubsection*.108}{\376\377\000I\000n\000t\000e\000r\000p\000r\000e\000t\000a\000t\000i\000o\000n\000\040\000o\000f\000\040\000R\000e\000s\000u\000l\000t\000s}{subsection*.94}% 46
\BOOKMARK [2][-]{subsection*.109}{\376\377\000B\000e\000s\000t\000\040\000o\000f\000\040\000G\000e\000n\000e\000r\000a\000t\000i\000o\000n\000\040\000A\000c\000c\000u\000r\000a\000c\000y}{section*.72}% 47
\BOOKMARK [3][-]{subsubsection*.110}{\376\377\000W\000e\000i\000g\000h\000t\000\040\000S\000e\000t\000\040\000m\000B\000G\000A}{subsection*.109}% 48
\BOOKMARK [3][-]{subsubsection*.111}{\376\377\000E\000d\000g\000e\000\040\000S\000e\000t\000\040\000m\000B\000G\000A}{subsection*.109}% 49
\BOOKMARK [3][-]{subsubsection*.112}{\376\377\000N\000o\000d\000e\000\040\000S\000e\000t\000\040\000m\000B\000G\000A}{subsection*.109}% 50
\BOOKMARK [3][-]{subsubsection*.113}{\376\377\000E\000d\000g\000e\000\040\000S\000e\000t\000\040\000M\000e\000a\000n\000\040\000G\000e\000n\000e\000r\000a\000t\000i\000o\000n\000s\000\040\000a\000t\000\040\000T\000a\000r\000g\000e\000t\000\040\000F\000i\000t\000n\000e\000s\000s\000\040\000\050\000/\0006\0000\000\040\000G\000e\000n\000e\000r\000a\000t\000i\000o\000n\000s\000\051}{subsection*.109}% 51
\BOOKMARK [3][-]{subsubsection*.114}{\376\377\000W\000e\000i\000g\000h\000t\000\040\000S\000e\000t\000\040\000M\000e\000a\000n\000\040\000G\000e\000n\000e\000r\000a\000t\000i\000o\000n\000s\000\040\000a\000t\000\040\000T\000a\000r\000g\000e\000t\000\040\000F\000i\000t\000n\000e\000s\000s\000\040\000\050\000/\0006\0000\000\040\000G\000e\000n\000e\000r\000a\000t\000i\000o\000n\000s\000\051}{subsection*.109}% 52
\BOOKMARK [3][-]{subsubsection*.115}{\376\377\000N\000o\000d\000e\000\040\000S\000e\000t\000\040\000M\000e\000a\000n\000\040\000G\000e\000n\000e\000r\000a\000t\000i\000o\000n\000s\000\040\000a\000t\000\040\000T\000a\000r\000g\000e\000t\000\040\000F\000i\000t\000n\000e\000s\000s\000\040\000\050\000/\0006\0000\000\040\000G\000e\000n\000e\000r\000a\000t\000i\000o\000n\000s\000\051}{subsection*.109}% 53
\BOOKMARK [1][-]{section*.116}{\376\377\000C\000o\000n\000c\000l\000u\000s\000i\000o\000n\000\040\000a\000n\000d\000\040\000F\000u\000t\000u\000r\000e\000\040\000W\000o\000r\000k}{}% 54
